# JRE version: OpenJDK Runtime Environment (21.0.7) (build 21.0.7+-13880790-b1038.58)
# Java VM: OpenJDK 64-Bit Server VM (21.0.7+-13880790-b1038.58, mixed mode, tiered, compressed oops, compressed class ptrs, g1 gc, windows-amd64)
GC Precious Log:
 CardTable entry size: 512
 Card Set container configuration: InlinePtr #cards 4 size 8 Array Of Cards #cards 16 size 48 Howl #buckets 8 coarsen threshold 3686 Howl Bitmap #cards 512 size 80 coarsen threshold 460 Card regions per heap region 1 cards per card region 4096
 CPUs: 12 total, 12 available
 Memory: 15693M
 Large Page Support: Disabled
 NUMA Support: Disabled
 Compressed Oops: Enabled (Zero based)
 Heap Region Size: 2M
 Heap Min Capacity: 8M
 Heap Initial Capacity: 246M
 Heap Max Capacity: 3924M
 Pre-touch: Disabled
 Parallel Workers: 10
 Concurrent Workers: 3
 Concurrent Refinement Workers: 10
 Periodic GC: Disabled
Heap:
 garbage-first heap   total 262144K, used 171676K [0x000000070ac00000, 0x0000000800000000)
  region size 2048K, 7 young (14336K), 5 survivors (10240K)
 Metaspace       used 67286K, committed 67584K, reserved 1114112K
  class space    used 7384K, committed 7552K, reserved 1048576K
GC Heap History (20 events):
Event: 7.962 GC heap before
{Heap before GC invocations=15 (full 0):
 garbage-first heap   total 116736K, used 95156K [0x000000070ac00000, 0x0000000800000000)
  region size 2048K, 17 young (34816K), 3 survivors (6144K)
 Metaspace       used 54078K, committed 54400K, reserved 1114112K
  class space    used 6248K, committed 6400K, reserved 1048576K
}
Event: 7.976 GC heap after
{Heap after GC invocations=16 (full 0):
 garbage-first heap   total 116736K, used 71680K [0x000000070ac00000, 0x0000000800000000)
  region size 2048K, 3 young (6144K), 3 survivors (6144K)
 Metaspace       used 54078K, committed 54400K, reserved 1114112K
  class space    used 6248K, committed 6400K, reserved 1048576K
}
Event: 8.063 GC heap before
{Heap before GC invocations=16 (full 0):
 garbage-first heap   total 116736K, used 98304K [0x000000070ac00000, 0x0000000800000000)
  region size 2048K, 16 young (32768K), 3 survivors (6144K)
 Metaspace       used 54078K, committed 54400K, reserved 1114112K
  class space    used 6248K, committed 6400K, reserved 1048576K
}
Event: 8.073 GC heap after
{Heap after GC invocations=17 (full 0):
 garbage-first heap   total 116736K, used 77824K [0x000000070ac00000, 0x0000000800000000)
  region size 2048K, 2 young (4096K), 2 survivors (4096K)
 Metaspace       used 54078K, committed 54400K, reserved 1114112K
  class space    used 6248K, committed 6400K, reserved 1048576K
}
Event: 8.212 GC heap before
{Heap before GC invocations=18 (full 0):
 garbage-first heap   total 131072K, used 100352K [0x000000070ac00000, 0x0000000800000000)
  region size 2048K, 13 young (26624K), 2 survivors (4096K)
 Metaspace       used 54078K, committed 54400K, reserved 1114112K
  class space    used 6248K, committed 6400K, reserved 1048576K
}
Event: 8.218 GC heap after
{Heap after GC invocations=19 (full 0):
 garbage-first heap   total 131072K, used 82922K [0x000000070ac00000, 0x0000000800000000)
  region size 2048K, 2 young (4096K), 2 survivors (4096K)
 Metaspace       used 54078K, committed 54400K, reserved 1114112K
  class space    used 6248K, committed 6400K, reserved 1048576K
}
Event: 8.294 GC heap before
{Heap before GC invocations=19 (full 0):
 garbage-first heap   total 131072K, used 111594K [0x000000070ac00000, 0x0000000800000000)
  region size 2048K, 16 young (32768K), 2 survivors (4096K)
 Metaspace       used 54078K, committed 54400K, reserved 1114112K
  class space    used 6248K, committed 6400K, reserved 1048576K
}
Event: 8.304 GC heap after
{Heap after GC invocations=20 (full 0):
 garbage-first heap   total 262144K, used 89542K [0x000000070ac00000, 0x0000000800000000)
  region size 2048K, 2 young (4096K), 2 survivors (4096K)
 Metaspace       used 54078K, committed 54400K, reserved 1114112K
  class space    used 6248K, committed 6400K, reserved 1048576K
}
Event: 8.661 GC heap before
{Heap before GC invocations=20 (full 0):
 garbage-first heap   total 262144K, used 198086K [0x000000070ac00000, 0x0000000800000000)
  region size 2048K, 55 young (112640K), 2 survivors (4096K)
 Metaspace       used 54084K, committed 54400K, reserved 1114112K
  class space    used 6249K, committed 6400K, reserved 1048576K
}
Event: 8.677 GC heap after
{Heap after GC invocations=21 (full 0):
 garbage-first heap   total 262144K, used 114688K [0x000000070ac00000, 0x0000000800000000)
  region size 2048K, 7 young (14336K), 7 survivors (14336K)
 Metaspace       used 54084K, committed 54400K, reserved 1114112K
  class space    used 6249K, committed 6400K, reserved 1048576K
}
Event: 10.992 GC heap before
{Heap before GC invocations=21 (full 0):
 garbage-first heap   total 262144K, used 200704K [0x000000070ac00000, 0x0000000800000000)
  region size 2048K, 49 young (100352K), 7 survivors (14336K)
 Metaspace       used 60124K, committed 60480K, reserved 1114112K
  class space    used 6912K, committed 7104K, reserved 1048576K
}
Event: 11.011 GC heap after
{Heap after GC invocations=22 (full 0):
 garbage-first heap   total 262144K, used 131072K [0x000000070ac00000, 0x0000000800000000)
  region size 2048K, 7 young (14336K), 7 survivors (14336K)
 Metaspace       used 60124K, committed 60480K, reserved 1114112K
  class space    used 6912K, committed 7104K, reserved 1048576K
}
Event: 12.928 GC heap before
{Heap before GC invocations=22 (full 0):
 garbage-first heap   total 262144K, used 210944K [0x000000070ac00000, 0x0000000800000000)
  region size 2048K, 46 young (94208K), 7 survivors (14336K)
 Metaspace       used 61386K, committed 61696K, reserved 1114112K
  class space    used 6948K, committed 7104K, reserved 1048576K
}
Event: 12.951 GC heap after
{Heap after GC invocations=23 (full 0):
 garbage-first heap   total 262144K, used 143093K [0x000000070ac00000, 0x0000000800000000)
  region size 2048K, 6 young (12288K), 6 survivors (12288K)
 Metaspace       used 61386K, committed 61696K, reserved 1114112K
  class space    used 6948K, committed 7104K, reserved 1048576K
}
Event: 14.630 GC heap before
{Heap before GC invocations=24 (full 0):
 garbage-first heap   total 262144K, used 216821K [0x000000070ac00000, 0x0000000800000000)
  region size 2048K, 42 young (86016K), 6 survivors (12288K)
 Metaspace       used 61974K, committed 62336K, reserved 1114112K
  class space    used 6979K, committed 7168K, reserved 1048576K
}
Event: 14.646 GC heap after
{Heap after GC invocations=25 (full 0):
 garbage-first heap   total 262144K, used 151230K [0x000000070ac00000, 0x0000000800000000)
  region size 2048K, 5 young (10240K), 5 survivors (10240K)
 Metaspace       used 61974K, committed 62336K, reserved 1114112K
  class space    used 6979K, committed 7168K, reserved 1048576K
}
Event: 16.855 GC heap before
{Heap before GC invocations=25 (full 0):
 garbage-first heap   total 262144K, used 224958K [0x000000070ac00000, 0x0000000800000000)
  region size 2048K, 41 young (83968K), 5 survivors (10240K)
 Metaspace       used 65675K, committed 65984K, reserved 1114112K
  class space    used 7319K, committed 7488K, reserved 1048576K
}
Event: 16.868 GC heap after
{Heap after GC invocations=26 (full 0):
 garbage-first heap   total 262144K, used 154954K [0x000000070ac00000, 0x0000000800000000)
  region size 2048K, 3 young (6144K), 3 survivors (6144K)
 Metaspace       used 65675K, committed 65984K, reserved 1114112K
  class space    used 7319K, committed 7488K, reserved 1048576K
}
Event: 18.907 GC heap before
{Heap before GC invocations=26 (full 0):
 garbage-first heap   total 262144K, used 230730K [0x000000070ac00000, 0x0000000800000000)
  region size 2048K, 40 young (81920K), 3 survivors (6144K)
 Metaspace       used 67123K, committed 67456K, reserved 1114112K
  class space    used 7371K, committed 7552K, reserved 1048576K
}
Event: 18.928 GC heap after
{Heap after GC invocations=27 (full 0):
 garbage-first heap   total 262144K, used 169628K [0x000000070ac00000, 0x0000000800000000)
  region size 2048K, 5 young (10240K), 5 survivors (10240K)
 Metaspace       used 67123K, committed 67456K, reserved 1114112K
  class space    used 7371K, committed 7552K, reserved 1048576K
}

