# JRE version: OpenJDK Runtime Environment JBR-17.0.14+1-1367.22-jcef (17.0.14+1) (build 17.0.14+1-b1367.22)
# Java VM: OpenJDK 64-Bit Server VM JBR-17.0.14+1-1367.22-jcef (17.0.14+1-b1367.22, mixed mode, sharing, tiered, compressed oops, compressed class ptrs, g1 gc, windows-amd64)
GC Precious Log:
 CPUs: 12 total, 12 available
 Memory: 15693M
 Large Page Support: Disabled
 NUMA Support: Disabled
 Compressed Oops: Enabled (Zero based)
 Heap Region Size: 2M
 Heap Min Capacity: 8M
 Heap Initial Capacity: 246M
 Heap Max Capacity: 4G
 Pre-touch: Disabled
 Parallel Workers: 10
 Concurrent Workers: 3
 Concurrent Refinement Workers: 10
 Periodic GC: Disabled
Heap:
 garbage-first heap   total 614400K, used 246262K [0x0000000700000000, 0x0000000800000000)
  region size 2048K, 1 young (2048K), 1 survivors (2048K)
 Metaspace       used 144866K, committed 146304K, reserved 1179648K
  class space    used 19531K, committed 20224K, reserved 1048576K
GC Heap History (20 events):
Event: 67.685 GC heap after
{Heap after GC invocations=52 (full 0):
 garbage-first heap   total 591872K, used 197385K [0x0000000700000000, 0x0000000800000000)
  region size 2048K, 18 young (36864K), 18 survivors (36864K)
 Metaspace       used 124897K, committed 126016K, reserved 1179648K
  class space    used 17308K, committed 17856K, reserved 1048576K
}
Event: 67.739 GC heap before
{Heap before GC invocations=52 (full 0):
 garbage-first heap   total 591872K, used 205577K [0x0000000700000000, 0x0000000800000000)
  region size 2048K, 23 young (47104K), 18 survivors (36864K)
 Metaspace       used 125278K, committed 126400K, reserved 1179648K
  class space    used 17354K, committed 17920K, reserved 1048576K
}
Event: 67.752 GC heap after
{Heap after GC invocations=53 (full 0):
 garbage-first heap   total 591872K, used 201876K [0x0000000700000000, 0x0000000800000000)
  region size 2048K, 3 young (6144K), 3 survivors (6144K)
 Metaspace       used 125278K, committed 126400K, reserved 1179648K
  class space    used 17354K, committed 17920K, reserved 1048576K
}
Event: 144.784 GC heap before
{Heap before GC invocations=54 (full 0):
 garbage-first heap   total 591872K, used 455828K [0x0000000700000000, 0x0000000800000000)
  region size 2048K, 128 young (262144K), 3 survivors (6144K)
 Metaspace       used 136862K, committed 138112K, reserved 1179648K
  class space    used 18653K, committed 19264K, reserved 1048576K
}
Event: 144.797 GC heap after
{Heap after GC invocations=55 (full 0):
 garbage-first heap   total 591872K, used 215146K [0x0000000700000000, 0x0000000800000000)
  region size 2048K, 10 young (20480K), 10 survivors (20480K)
 Metaspace       used 136862K, committed 138112K, reserved 1179648K
  class space    used 18653K, committed 19264K, reserved 1048576K
}
Event: 144.888 GC heap before
{Heap before GC invocations=55 (full 0):
 garbage-first heap   total 591872K, used 223338K [0x0000000700000000, 0x0000000800000000)
  region size 2048K, 14 young (28672K), 10 survivors (20480K)
 Metaspace       used 137219K, committed 138496K, reserved 1179648K
  class space    used 18706K, committed 19328K, reserved 1048576K
}
Event: 144.897 GC heap after
{Heap after GC invocations=56 (full 0):
 garbage-first heap   total 591872K, used 214395K [0x0000000700000000, 0x0000000800000000)
  region size 2048K, 2 young (4096K), 2 survivors (4096K)
 Metaspace       used 137219K, committed 138496K, reserved 1179648K
  class space    used 18706K, committed 19328K, reserved 1048576K
}
Event: 147.159 GC heap before
{Heap before GC invocations=56 (full 0):
 garbage-first heap   total 591872K, used 462203K [0x0000000700000000, 0x0000000800000000)
  region size 2048K, 124 young (253952K), 2 survivors (4096K)
 Metaspace       used 140243K, committed 141568K, reserved 1179648K
  class space    used 19148K, committed 19776K, reserved 1048576K
}
Event: 147.179 GC heap after
{Heap after GC invocations=57 (full 0):
 garbage-first heap   total 591872K, used 237492K [0x0000000700000000, 0x0000000800000000)
  region size 2048K, 13 young (26624K), 13 survivors (26624K)
 Metaspace       used 140243K, committed 141568K, reserved 1179648K
  class space    used 19148K, committed 19776K, reserved 1048576K
}
Event: 148.210 GC heap before
{Heap before GC invocations=58 (full 0):
 garbage-first heap   total 591872K, used 468916K [0x0000000700000000, 0x0000000800000000)
  region size 2048K, 125 young (256000K), 13 survivors (26624K)
 Metaspace       used 144684K, committed 146048K, reserved 1179648K
  class space    used 19516K, committed 20160K, reserved 1048576K
}
Event: 148.227 GC heap after
{Heap after GC invocations=59 (full 0):
 garbage-first heap   total 591872K, used 255746K [0x0000000700000000, 0x0000000800000000)
  region size 2048K, 9 young (18432K), 9 survivors (18432K)
 Metaspace       used 144684K, committed 146048K, reserved 1179648K
  class space    used 19516K, committed 20160K, reserved 1048576K
}
Event: 148.240 GC heap before
{Heap before GC invocations=59 (full 0):
 garbage-first heap   total 591872K, used 265986K [0x0000000700000000, 0x0000000800000000)
  region size 2048K, 14 young (28672K), 9 survivors (18432K)
 Metaspace       used 144701K, committed 146048K, reserved 1179648K
  class space    used 19516K, committed 20160K, reserved 1048576K
}
Event: 148.250 GC heap after
{Heap after GC invocations=60 (full 0):
 garbage-first heap   total 591872K, used 249714K [0x0000000700000000, 0x0000000800000000)
  region size 2048K, 1 young (2048K), 1 survivors (2048K)
 Metaspace       used 144701K, committed 146048K, reserved 1179648K
  class space    used 19516K, committed 20160K, reserved 1048576K
}
Event: 148.419 GC heap before
{Heap before GC invocations=60 (full 0):
 garbage-first heap   total 591872K, used 472946K [0x0000000700000000, 0x0000000800000000)
  region size 2048K, 110 young (225280K), 1 survivors (2048K)
 Metaspace       used 144783K, committed 146112K, reserved 1179648K
  class space    used 19517K, committed 20160K, reserved 1048576K
}
Event: 148.422 GC heap after
{Heap after GC invocations=61 (full 0):
 garbage-first heap   total 591872K, used 250345K [0x0000000700000000, 0x0000000800000000)
  region size 2048K, 2 young (4096K), 2 survivors (4096K)
 Metaspace       used 144783K, committed 146112K, reserved 1179648K
  class space    used 19517K, committed 20160K, reserved 1048576K
}
Event: 148.699 GC heap before
{Heap before GC invocations=62 (full 0):
 garbage-first heap   total 614400K, used 481769K [0x0000000700000000, 0x0000000800000000)
  region size 2048K, 115 young (235520K), 2 survivors (4096K)
 Metaspace       used 144866K, committed 146304K, reserved 1179648K
  class space    used 19531K, committed 20224K, reserved 1048576K
}
Event: 148.703 GC heap after
{Heap after GC invocations=63 (full 0):
 garbage-first heap   total 614400K, used 250198K [0x0000000700000000, 0x0000000800000000)
  region size 2048K, 3 young (6144K), 3 survivors (6144K)
 Metaspace       used 144866K, committed 146304K, reserved 1179648K
  class space    used 19531K, committed 20224K, reserved 1048576K
}
Event: 148.734 GC heap before
{Heap before GC invocations=63 (full 0):
 garbage-first heap   total 614400K, used 274774K [0x0000000700000000, 0x0000000800000000)
  region size 2048K, 15 young (30720K), 3 survivors (6144K)
 Metaspace       used 144866K, committed 146304K, reserved 1179648K
  class space    used 19531K, committed 20224K, reserved 1048576K
}
Event: 148.740 GC heap after
{Heap after GC invocations=64 (full 0):
 garbage-first heap   total 614400K, used 245020K [0x0000000700000000, 0x0000000800000000)
  region size 2048K, 1 young (2048K), 1 survivors (2048K)
 Metaspace       used 144866K, committed 146304K, reserved 1179648K
  class space    used 19531K, committed 20224K, reserved 1048576K
}
Event: 149.061 GC heap before
{Heap before GC invocations=64 (full 0):
 garbage-first heap   total 614400K, used 505116K [0x0000000700000000, 0x0000000800000000)
  region size 2048K, 128 young (262144K), 1 survivors (2048K)
 Metaspace       used 144866K, committed 146304K, reserved 1179648K
  class space    used 19531K, committed 20224K, reserved 1048576K
}

