# JRE version: OpenJDK Runtime Environment (21.0.7) (build 21.0.7+-13880790-b1038.58)
# Java VM: OpenJDK 64-Bit Server VM (21.0.7+-13880790-b1038.58, mixed mode, tiered, compressed oops, compressed class ptrs, g1 gc, windows-amd64)
GC Precious Log:
 CardTable entry size: 512
 Card Set container configuration: InlinePtr #cards 5 size 8 Array Of Cards #cards 12 size 40 Howl #buckets 4 coarsen threshold 1843 Howl Bitmap #cards 512 size 80 coarsen threshold 460 Card regions per heap region 1 cards per card region 2048
 CPUs: 12 total, 12 available
 Memory: 15693M
 Large Page Support: Disabled
 NUMA Support: Disabled
 Compressed Oops: Enabled (32-bit)
 Heap Region Size: 1M
 Heap Min Capacity: 8M
 Heap Initial Capacity: 246M
 Heap Max Capacity: 2G
 Pre-touch: Disabled
 Parallel Workers: 10
 Concurrent Workers: 3
 Concurrent Refinement Workers: 10
 Periodic GC: Disabled
Heap:
 garbage-first heap   total 163840K, used 104959K [0x0000000080000000, 0x0000000100000000)
  region size 1024K, 12 young (12288K), 7 survivors (7168K)
 Metaspace       used 72403K, committed 74240K, reserved 1114112K
  class space    used 10092K, committed 11008K, reserved 1048576K
GC Heap History (20 events):
Event: 3.872 GC heap before
{Heap before GC invocations=9 (full 0):
 garbage-first heap   total 78848K, used 77395K [0x0000000080000000, 0x0000000100000000)
  region size 1024K, 27 young (27648K), 4 survivors (4096K)
 Metaspace       used 37211K, committed 38080K, reserved 1114112K
  class space    used 5135K, committed 5568K, reserved 1048576K
}
Event: 3.877 GC heap after
{Heap after GC invocations=10 (full 0):
 garbage-first heap   total 89088K, used 60751K [0x0000000080000000, 0x0000000100000000)
  region size 1024K, 6 young (6144K), 6 survivors (6144K)
 Metaspace       used 37211K, committed 38080K, reserved 1114112K
  class space    used 5135K, committed 5568K, reserved 1048576K
}
Event: 4.115 GC heap before
{Heap before GC invocations=10 (full 0):
 garbage-first heap   total 89088K, used 77135K [0x0000000080000000, 0x0000000100000000)
  region size 1024K, 22 young (22528K), 6 survivors (6144K)
 Metaspace       used 39497K, committed 40448K, reserved 1114112K
  class space    used 5484K, committed 6016K, reserved 1048576K
}
Event: 4.118 GC heap after
{Heap after GC invocations=11 (full 0):
 garbage-first heap   total 124928K, used 61851K [0x0000000080000000, 0x0000000100000000)
  region size 1024K, 1 young (1024K), 1 survivors (1024K)
 Metaspace       used 39497K, committed 40448K, reserved 1114112K
  class space    used 5484K, committed 6016K, reserved 1048576K
}
Event: 4.632 GC heap before
{Heap before GC invocations=11 (full 0):
 garbage-first heap   total 124928K, used 107931K [0x0000000080000000, 0x0000000100000000)
  region size 1024K, 47 young (48128K), 1 survivors (1024K)
 Metaspace       used 46068K, committed 47040K, reserved 1114112K
  class space    used 6214K, committed 6720K, reserved 1048576K
}
Event: 4.635 GC heap after
{Heap after GC invocations=12 (full 0):
 garbage-first heap   total 124928K, used 68056K [0x0000000080000000, 0x0000000100000000)
  region size 1024K, 6 young (6144K), 6 survivors (6144K)
 Metaspace       used 46068K, committed 47040K, reserved 1114112K
  class space    used 6214K, committed 6720K, reserved 1048576K
}
Event: 5.188 GC heap before
{Heap before GC invocations=13 (full 0):
 garbage-first heap   total 124928K, used 115160K [0x0000000080000000, 0x0000000100000000)
  region size 1024K, 47 young (48128K), 6 survivors (6144K)
 Metaspace       used 50980K, committed 52224K, reserved 1114112K
  class space    used 6872K, committed 7488K, reserved 1048576K
}
Event: 5.193 GC heap after
{Heap after GC invocations=14 (full 0):
 garbage-first heap   total 124928K, used 70254K [0x0000000080000000, 0x0000000100000000)
  region size 1024K, 4 young (4096K), 4 survivors (4096K)
 Metaspace       used 50980K, committed 52224K, reserved 1114112K
  class space    used 6872K, committed 7488K, reserved 1048576K
}
Event: 5.633 GC heap before
{Heap before GC invocations=14 (full 0):
 garbage-first heap   total 124928K, used 111214K [0x0000000080000000, 0x0000000100000000)
  region size 1024K, 44 young (45056K), 4 survivors (4096K)
 Metaspace       used 55876K, committed 57280K, reserved 1114112K
  class space    used 7683K, committed 8384K, reserved 1048576K
}
Event: 5.637 GC heap after
{Heap after GC invocations=15 (full 0):
 garbage-first heap   total 124928K, used 72144K [0x0000000080000000, 0x0000000100000000)
  region size 1024K, 3 young (3072K), 3 survivors (3072K)
 Metaspace       used 55876K, committed 57280K, reserved 1114112K
  class space    used 7683K, committed 8384K, reserved 1048576K
}
Event: 5.850 GC heap before
{Heap before GC invocations=15 (full 0):
 garbage-first heap   total 124928K, used 86480K [0x0000000080000000, 0x0000000100000000)
  region size 1024K, 18 young (18432K), 3 survivors (3072K)
 Metaspace       used 57235K, committed 58688K, reserved 1114112K
  class space    used 7934K, committed 8640K, reserved 1048576K
}
Event: 5.853 GC heap after
{Heap after GC invocations=16 (full 0):
 garbage-first heap   total 124928K, used 73758K [0x0000000080000000, 0x0000000100000000)
  region size 1024K, 4 young (4096K), 4 survivors (4096K)
 Metaspace       used 57235K, committed 58688K, reserved 1114112K
  class space    used 7934K, committed 8640K, reserved 1048576K
}
Event: 6.344 GC heap before
{Heap before GC invocations=17 (full 0):
 garbage-first heap   total 128000K, used 125982K [0x0000000080000000, 0x0000000100000000)
  region size 1024K, 38 young (38912K), 4 survivors (4096K)
 Metaspace       used 60128K, committed 61696K, reserved 1114112K
  class space    used 8204K, committed 8960K, reserved 1048576K
}
Event: 6.349 GC heap after
{Heap after GC invocations=18 (full 0):
 garbage-first heap   total 136192K, used 94957K [0x0000000080000000, 0x0000000100000000)
  region size 1024K, 6 young (6144K), 6 survivors (6144K)
 Metaspace       used 60128K, committed 61696K, reserved 1114112K
  class space    used 8204K, committed 8960K, reserved 1048576K
}
Event: 6.457 GC heap before
{Heap before GC invocations=18 (full 0):
 garbage-first heap   total 136192K, used 121581K [0x0000000080000000, 0x0000000100000000)
  region size 1024K, 32 young (32768K), 6 survivors (6144K)
 Metaspace       used 60576K, committed 62144K, reserved 1114112K
  class space    used 8264K, committed 9024K, reserved 1048576K
}
Event: 6.460 GC heap after
{Heap after GC invocations=19 (full 0):
 garbage-first heap   total 163840K, used 95776K [0x0000000080000000, 0x0000000100000000)
  region size 1024K, 2 young (2048K), 2 survivors (2048K)
 Metaspace       used 60576K, committed 62144K, reserved 1114112K
  class space    used 8264K, committed 9024K, reserved 1048576K
}
Event: 7.097 GC heap before
{Heap before GC invocations=19 (full 0):
 garbage-first heap   total 163840K, used 144928K [0x0000000080000000, 0x0000000100000000)
  region size 1024K, 50 young (51200K), 2 survivors (2048K)
 Metaspace       used 67260K, committed 68864K, reserved 1114112K
  class space    used 9273K, committed 10048K, reserved 1048576K
}
Event: 7.100 GC heap after
{Heap after GC invocations=20 (full 0):
 garbage-first heap   total 163840K, used 97579K [0x0000000080000000, 0x0000000100000000)
  region size 1024K, 3 young (3072K), 3 survivors (3072K)
 Metaspace       used 67260K, committed 68864K, reserved 1114112K
  class space    used 9273K, committed 10048K, reserved 1048576K
}
Event: 7.846 GC heap before
{Heap before GC invocations=21 (full 0):
 garbage-first heap   total 163840K, used 147755K [0x0000000080000000, 0x0000000100000000)
  region size 1024K, 52 young (53248K), 3 survivors (3072K)
 Metaspace       used 72070K, committed 73856K, reserved 1114112K
  class space    used 10046K, committed 10944K, reserved 1048576K
}
Event: 7.851 GC heap after
{Heap after GC invocations=22 (full 0):
 garbage-first heap   total 163840K, used 100863K [0x0000000080000000, 0x0000000100000000)
  region size 1024K, 7 young (7168K), 7 survivors (7168K)
 Metaspace       used 72070K, committed 73856K, reserved 1114112K
  class space    used 10046K, committed 10944K, reserved 1048576K
}

