# JRE version: OpenJDK Runtime Environment (21.0.7) (build 21.0.7+-13880790-b1038.58)
# Java VM: OpenJDK 64-Bit Server VM (21.0.7+-13880790-b1038.58, mixed mode, tiered, compressed oops, compressed class ptrs, g1 gc, windows-amd64)
GC Precious Log:
 CardTable entry size: 512
 Card Set container configuration: InlinePtr #cards 5 size 8 Array Of Cards #cards 12 size 40 Howl #buckets 4 coarsen threshold 1843 Howl Bitmap #cards 512 size 80 coarsen threshold 460 Card regions per heap region 1 cards per card region 2048
 CPUs: 12 total, 12 available
 Memory: 15693M
 Large Page Support: Disabled
 NUMA Support: Disabled
 Compressed Oops: Enabled (32-bit)
 Heap Region Size: 1M
 Heap Min Capacity: 8M
 Heap Initial Capacity: 246M
 Heap Max Capacity: 2G
 Pre-touch: Disabled
 Parallel Workers: 10
 Concurrent Workers: 3
 Concurrent Refinement Workers: 10
 Periodic GC: Disabled
Heap:
 garbage-first heap   total 256000K, used 193293K [0x0000000080000000, 0x0000000100000000)
  region size 1024K, 9 young (9216K), 8 survivors (8192K)
 Metaspace       used 152790K, committed 155264K, reserved 1245184K
  class space    used 21590K, committed 22784K, reserved 1048576K
GC Heap History (20 events):
Event: 17.496 GC heap before
{Heap before GC invocations=54 (full 0):
 garbage-first heap   total 225280K, used 191661K [0x0000000080000000, 0x0000000100000000)
  region size 1024K, 63 young (64512K), 6 survivors (6144K)
 Metaspace       used 122498K, committed 124800K, reserved 1179648K
  class space    used 16755K, committed 17920K, reserved 1048576K
}
Event: 17.500 GC heap after
{Heap after GC invocations=55 (full 0):
 garbage-first heap   total 225280K, used 136728K [0x0000000080000000, 0x0000000100000000)
  region size 1024K, 5 young (5120K), 5 survivors (5120K)
 Metaspace       used 122498K, committed 124800K, reserved 1179648K
  class space    used 16755K, committed 17920K, reserved 1048576K
}
Event: 18.006 GC heap before
{Heap before GC invocations=55 (full 0):
 garbage-first heap   total 225280K, used 203288K [0x0000000080000000, 0x0000000100000000)
  region size 1024K, 71 young (72704K), 5 survivors (5120K)
 Metaspace       used 124678K, committed 126976K, reserved 1179648K
  class space    used 17042K, committed 18176K, reserved 1048576K
}
Event: 18.012 GC heap after
{Heap after GC invocations=56 (full 0):
 garbage-first heap   total 225280K, used 138446K [0x0000000080000000, 0x0000000100000000)
  region size 1024K, 9 young (9216K), 9 survivors (9216K)
 Metaspace       used 124678K, committed 126976K, reserved 1179648K
  class space    used 17042K, committed 18176K, reserved 1048576K
}
Event: 18.312 GC heap before
{Heap before GC invocations=56 (full 0):
 garbage-first heap   total 225280K, used 202958K [0x0000000080000000, 0x0000000100000000)
  region size 1024K, 73 young (74752K), 9 survivors (9216K)
 Metaspace       used 126524K, committed 128832K, reserved 1179648K
  class space    used 17279K, committed 18432K, reserved 1048576K
}
Event: 18.319 GC heap after
{Heap after GC invocations=57 (full 0):
 garbage-first heap   total 225280K, used 141571K [0x0000000080000000, 0x0000000100000000)
  region size 1024K, 6 young (6144K), 6 survivors (6144K)
 Metaspace       used 126524K, committed 128832K, reserved 1179648K
  class space    used 17279K, committed 18432K, reserved 1048576K
}
Event: 20.054 GC heap before
{Heap before GC invocations=58 (full 0):
 garbage-first heap   total 237568K, used 204035K [0x0000000080000000, 0x0000000100000000)
  region size 1024K, 68 young (69632K), 6 survivors (6144K)
 Metaspace       used 127306K, committed 129728K, reserved 1179648K
  class space    used 17420K, committed 18624K, reserved 1048576K
}
Event: 20.059 GC heap after
{Heap after GC invocations=59 (full 0):
 garbage-first heap   total 237568K, used 143520K [0x0000000080000000, 0x0000000100000000)
  region size 1024K, 5 young (5120K), 5 survivors (5120K)
 Metaspace       used 127306K, committed 129728K, reserved 1179648K
  class space    used 17420K, committed 18624K, reserved 1048576K
}
Event: 21.001 GC heap before
{Heap before GC invocations=59 (full 0):
 garbage-first heap   total 237568K, used 217248K [0x0000000080000000, 0x0000000100000000)
  region size 1024K, 78 young (79872K), 5 survivors (5120K)
 Metaspace       used 134032K, committed 136448K, reserved 1179648K
  class space    used 18505K, committed 19712K, reserved 1048576K
}
Event: 21.006 GC heap after
{Heap after GC invocations=60 (full 0):
 garbage-first heap   total 237568K, used 146794K [0x0000000080000000, 0x0000000100000000)
  region size 1024K, 8 young (8192K), 8 survivors (8192K)
 Metaspace       used 134032K, committed 136448K, reserved 1179648K
  class space    used 18505K, committed 19712K, reserved 1048576K
}
Event: 21.701 GC heap before
{Heap before GC invocations=60 (full 0):
 garbage-first heap   total 237568K, used 214378K [0x0000000080000000, 0x0000000100000000)
  region size 1024K, 75 young (76800K), 8 survivors (8192K)
 Metaspace       used 142940K, committed 145408K, reserved 1179648K
  class space    used 20073K, committed 21312K, reserved 1048576K
}
Event: 21.708 GC heap after
{Heap after GC invocations=61 (full 0):
 garbage-first heap   total 237568K, used 149033K [0x0000000080000000, 0x0000000100000000)
  region size 1024K, 9 young (9216K), 9 survivors (9216K)
 Metaspace       used 142940K, committed 145408K, reserved 1179648K
  class space    used 20073K, committed 21312K, reserved 1048576K
}
Event: 21.914 GC heap before
{Heap before GC invocations=61 (full 0):
 garbage-first heap   total 237568K, used 213545K [0x0000000080000000, 0x0000000100000000)
  region size 1024K, 72 young (73728K), 9 survivors (9216K)
 Metaspace       used 144915K, committed 147392K, reserved 1179648K
  class space    used 20352K, committed 21568K, reserved 1048576K
}
Event: 21.919 GC heap after
{Heap after GC invocations=62 (full 0):
 garbage-first heap   total 237568K, used 150979K [0x0000000080000000, 0x0000000100000000)
  region size 1024K, 6 young (6144K), 6 survivors (6144K)
 Metaspace       used 144915K, committed 147392K, reserved 1179648K
  class space    used 20352K, committed 21568K, reserved 1048576K
}
Event: 22.159 GC heap before
{Heap before GC invocations=63 (full 0):
 garbage-first heap   total 254976K, used 216515K [0x0000000080000000, 0x0000000100000000)
  region size 1024K, 70 young (71680K), 6 survivors (6144K)
 Metaspace       used 147118K, committed 149632K, reserved 1179648K
  class space    used 20721K, committed 21952K, reserved 1048576K
}
Event: 22.164 GC heap after
{Heap after GC invocations=64 (full 0):
 garbage-first heap   total 254976K, used 151353K [0x0000000080000000, 0x0000000100000000)
  region size 1024K, 6 young (6144K), 6 survivors (6144K)
 Metaspace       used 147118K, committed 149632K, reserved 1179648K
  class space    used 20721K, committed 21952K, reserved 1048576K
}
Event: 22.835 GC heap before
{Heap before GC invocations=64 (full 0):
 garbage-first heap   total 254976K, used 233273K [0x0000000080000000, 0x0000000100000000)
  region size 1024K, 87 young (89088K), 6 survivors (6144K)
 Metaspace       used 150763K, committed 153216K, reserved 1245184K
  class space    used 21326K, committed 22528K, reserved 1048576K
}
Event: 22.841 GC heap after
{Heap after GC invocations=65 (full 0):
 garbage-first heap   total 254976K, used 149813K [0x0000000080000000, 0x0000000100000000)
  region size 1024K, 6 young (6144K), 6 survivors (6144K)
 Metaspace       used 150763K, committed 153216K, reserved 1245184K
  class space    used 21326K, committed 22528K, reserved 1048576K
}
Event: 23.203 GC heap before
{Heap before GC invocations=65 (full 0):
 garbage-first heap   total 254976K, used 173365K [0x0000000080000000, 0x0000000100000000)
  region size 1024K, 31 young (31744K), 6 survivors (6144K)
 Metaspace       used 152811K, committed 155264K, reserved 1245184K
  class space    used 21595K, committed 22784K, reserved 1048576K
}
Event: 23.209 GC heap after
{Heap after GC invocations=66 (full 0):
 garbage-first heap   total 254976K, used 152333K [0x0000000080000000, 0x0000000100000000)
  region size 1024K, 8 young (8192K), 8 survivors (8192K)
 Metaspace       used 152811K, committed 155264K, reserved 1245184K
  class space    used 21595K, committed 22784K, reserved 1048576K
}

