# JRE version: OpenJDK Runtime Environment (21.0.7) (build 21.0.7+-13880790-b1038.58)
# Java VM: OpenJDK 64-Bit Server VM (21.0.7+-13880790-b1038.58, mixed mode, tiered, compressed oops, compressed class ptrs, g1 gc, windows-amd64)
GC Precious Log:
 CardTable entry size: 512
 Card Set container configuration: InlinePtr #cards 4 size 8 Array Of Cards #cards 16 size 48 Howl #buckets 8 coarsen threshold 3686 Howl Bitmap #cards 512 size 80 coarsen threshold 460 Card regions per heap region 1 cards per card region 4096
 CPUs: 12 total, 12 available
 Memory: 15693M
 Large Page Support: Disabled
 NUMA Support: Disabled
 Compressed Oops: Enabled (Zero based)
 Heap Region Size: 2M
 Heap Min Capacity: 8M
 Heap Initial Capacity: 246M
 Heap Max Capacity: 3924M
 Pre-touch: Disabled
 Parallel Workers: 10
 Concurrent Workers: 3
 Concurrent Refinement Workers: 10
 Periodic GC: Disabled
Heap:
 garbage-first heap   total 131072K, used 95589K [0x000000070ac00000, 0x0000000800000000)
  region size 2048K, 2 young (4096K), 2 survivors (4096K)
 Metaspace       used 54028K, committed 54400K, reserved 1114112K
  class space    used 6241K, committed 6400K, reserved 1048576K
GC Heap History (20 events):
Event: 4.146 GC heap after
{Heap after GC invocations=8 (full 0):
 garbage-first heap   total 149504K, used 24481K [0x000000070ac00000, 0x0000000800000000)
  region size 2048K, 1 young (2048K), 1 survivors (2048K)
 Metaspace       used 35720K, committed 35968K, reserved 1114112K
  class space    used 4346K, committed 4480K, reserved 1048576K
}
Event: 5.828 GC heap before
{Heap before GC invocations=9 (full 0):
 garbage-first heap   total 81920K, used 79777K [0x000000070ac00000, 0x0000000800000000)
  region size 2048K, 29 young (59392K), 1 survivors (2048K)
 Metaspace       used 46257K, committed 46528K, reserved 1114112K
  class space    used 5380K, committed 5504K, reserved 1048576K
}
Event: 5.852 GC heap after
{Heap after GC invocations=10 (full 0):
 garbage-first heap   total 92160K, used 32074K [0x000000070ac00000, 0x0000000800000000)
  region size 2048K, 5 young (10240K), 5 survivors (10240K)
 Metaspace       used 46257K, committed 46528K, reserved 1114112K
  class space    used 5380K, committed 5504K, reserved 1048576K
}
Event: 6.994 GC heap before
{Heap before GC invocations=10 (full 0):
 garbage-first heap   total 92160K, used 68938K [0x000000070ac00000, 0x0000000800000000)
  region size 2048K, 23 young (47104K), 5 survivors (10240K)
 Metaspace       used 53184K, committed 53440K, reserved 1114112K
  class space    used 6191K, committed 6272K, reserved 1048576K
}
Event: 7.033 GC heap after
{Heap after GC invocations=11 (full 0):
 garbage-first heap   total 92160K, used 37628K [0x000000070ac00000, 0x0000000800000000)
  region size 2048K, 3 young (6144K), 3 survivors (6144K)
 Metaspace       used 53184K, committed 53440K, reserved 1114112K
  class space    used 6191K, committed 6272K, reserved 1048576K
}
Event: 7.446 GC heap before
{Heap before GC invocations=11 (full 0):
 garbage-first heap   total 92160K, used 70396K [0x000000070ac00000, 0x0000000800000000)
  region size 2048K, 19 young (38912K), 3 survivors (6144K)
 Metaspace       used 53993K, committed 54336K, reserved 1114112K
  class space    used 6240K, committed 6400K, reserved 1048576K
}
Event: 7.471 GC heap after
{Heap after GC invocations=12 (full 0):
 garbage-first heap   total 92160K, used 47772K [0x000000070ac00000, 0x0000000800000000)
  region size 2048K, 3 young (6144K), 3 survivors (6144K)
 Metaspace       used 53993K, committed 54336K, reserved 1114112K
  class space    used 6240K, committed 6400K, reserved 1048576K
}
Event: 7.569 GC heap before
{Heap before GC invocations=12 (full 0):
 garbage-first heap   total 92160K, used 72348K [0x000000070ac00000, 0x0000000800000000)
  region size 2048K, 15 young (30720K), 3 survivors (6144K)
 Metaspace       used 54028K, committed 54400K, reserved 1114112K
  class space    used 6240K, committed 6400K, reserved 1048576K
}
Event: 7.581 GC heap after
{Heap after GC invocations=13 (full 0):
 garbage-first heap   total 118784K, used 54177K [0x000000070ac00000, 0x0000000800000000)
  region size 2048K, 2 young (4096K), 2 survivors (4096K)
 Metaspace       used 54028K, committed 54400K, reserved 1114112K
  class space    used 6240K, committed 6400K, reserved 1048576K
}
Event: 7.710 GC heap before
{Heap before GC invocations=14 (full 0):
 garbage-first heap   total 118784K, used 95137K [0x000000070ac00000, 0x0000000800000000)
  region size 2048K, 22 young (45056K), 2 survivors (4096K)
 Metaspace       used 54028K, committed 54400K, reserved 1114112K
  class space    used 6241K, committed 6400K, reserved 1048576K
}
Event: 7.720 GC heap after
{Heap after GC invocations=15 (full 0):
 garbage-first heap   total 118784K, used 63393K [0x000000070ac00000, 0x0000000800000000)
  region size 2048K, 3 young (6144K), 3 survivors (6144K)
 Metaspace       used 54028K, committed 54400K, reserved 1114112K
  class space    used 6241K, committed 6400K, reserved 1048576K
}
Event: 7.803 GC heap before
{Heap before GC invocations=15 (full 0):
 garbage-first heap   total 118784K, used 98209K [0x000000070ac00000, 0x0000000800000000)
  region size 2048K, 20 young (40960K), 3 survivors (6144K)
 Metaspace       used 54028K, committed 54400K, reserved 1114112K
  class space    used 6241K, committed 6400K, reserved 1048576K
}
Event: 7.815 GC heap after
{Heap after GC invocations=16 (full 0):
 garbage-first heap   total 118784K, used 70945K [0x000000070ac00000, 0x0000000800000000)
  region size 2048K, 3 young (6144K), 3 survivors (6144K)
 Metaspace       used 54028K, committed 54400K, reserved 1114112K
  class space    used 6241K, committed 6400K, reserved 1048576K
}
Event: 7.938 GC heap before
{Heap before GC invocations=16 (full 0):
 garbage-first heap   total 118784K, used 99617K [0x000000070ac00000, 0x0000000800000000)
  region size 2048K, 17 young (34816K), 3 survivors (6144K)
 Metaspace       used 54028K, committed 54400K, reserved 1114112K
  class space    used 6241K, committed 6400K, reserved 1048576K
}
Event: 7.951 GC heap after
{Heap after GC invocations=17 (full 0):
 garbage-first heap   total 118784K, used 77729K [0x000000070ac00000, 0x0000000800000000)
  region size 2048K, 3 young (6144K), 3 survivors (6144K)
 Metaspace       used 54028K, committed 54400K, reserved 1114112K
  class space    used 6241K, committed 6400K, reserved 1048576K
}
Event: 8.059 GC heap before
{Heap before GC invocations=18 (full 0):
 garbage-first heap   total 131072K, used 102305K [0x000000070ac00000, 0x0000000800000000)
  region size 2048K, 15 young (30720K), 3 survivors (6144K)
 Metaspace       used 54028K, committed 54400K, reserved 1114112K
  class space    used 6241K, committed 6400K, reserved 1048576K
}
Event: 8.070 GC heap after
{Heap after GC invocations=19 (full 0):
 garbage-first heap   total 131072K, used 83685K [0x000000070ac00000, 0x0000000800000000)
  region size 2048K, 2 young (4096K), 2 survivors (4096K)
 Metaspace       used 54028K, committed 54400K, reserved 1114112K
  class space    used 6241K, committed 6400K, reserved 1048576K
}
Event: 8.138 GC heap before
{Heap before GC invocations=19 (full 0):
 garbage-first heap   total 131072K, used 112357K [0x000000070ac00000, 0x0000000800000000)
  region size 2048K, 16 young (32768K), 2 survivors (4096K)
 Metaspace       used 54028K, committed 54400K, reserved 1114112K
  class space    used 6241K, committed 6400K, reserved 1048576K
}
Event: 8.145 GC heap after
{Heap after GC invocations=20 (full 0):
 garbage-first heap   total 131072K, used 89919K [0x000000070ac00000, 0x0000000800000000)
  region size 2048K, 2 young (4096K), 2 survivors (4096K)
 Metaspace       used 54028K, committed 54400K, reserved 1114112K
  class space    used 6241K, committed 6400K, reserved 1048576K
}
Event: 8.197 GC heap before
{Heap before GC invocations=20 (full 0):
 garbage-first heap   total 131072K, used 114495K [0x000000070ac00000, 0x0000000800000000)
  region size 2048K, 14 young (28672K), 2 survivors (4096K)
 Metaspace       used 54028K, committed 54400K, reserved 1114112K
  class space    used 6241K, committed 6400K, reserved 1048576K
}

