# JRE version: OpenJDK Runtime Environment (21.0.7) (build 21.0.7+-13880790-b1038.58)
# Java VM: OpenJDK 64-Bit Server VM (21.0.7+-13880790-b1038.58, mixed mode, tiered, compressed oops, compressed class ptrs, g1 gc, windows-amd64)
GC Precious Log:
 CardTable entry size: 512
 Card Set container configuration: InlinePtr #cards 4 size 8 Array Of Cards #cards 16 size 48 Howl #buckets 8 coarsen threshold 3686 Howl Bitmap #cards 512 size 80 coarsen threshold 460 Card regions per heap region 1 cards per card region 4096
 CPUs: 12 total, 12 available
 Memory: 15693M
 Large Page Support: Disabled
 NUMA Support: Disabled
 Compressed Oops: Enabled (Zero based)
 Heap Region Size: 2M
 Heap Min Capacity: 8M
 Heap Initial Capacity: 246M
 Heap Max Capacity: 3924M
 Pre-touch: Disabled
 Parallel Workers: 10
 Concurrent Workers: 3
 Concurrent Refinement Workers: 10
 Periodic GC: Disabled
Heap:
 garbage-first heap   total 149504K, used 56578K [0x000000070ac00000, 0x0000000800000000)
  region size 2048K, 15 young (30720K), 6 survivors (12288K)
 Metaspace       used 53474K, committed 53760K, reserved 1114112K
  class space    used 6206K, committed 6336K, reserved 1048576K
GC Heap History (18 events):
Event: 0.687 GC heap before
{Heap before GC invocations=0 (full 0):
 garbage-first heap   total 251904K, used 24576K [0x000000070ac00000, 0x0000000800000000)
  region size 2048K, 11 young (22528K), 0 survivors (0K)
 Metaspace       used 13782K, committed 13888K, reserved 1114112K
  class space    used 1308K, committed 1344K, reserved 1048576K
}
Event: 0.691 GC heap after
{Heap after GC invocations=1 (full 0):
 garbage-first heap   total 251904K, used 7141K [0x000000070ac00000, 0x0000000800000000)
  region size 2048K, 2 young (4096K), 2 survivors (4096K)
 Metaspace       used 13782K, committed 13888K, reserved 1114112K
  class space    used 1308K, committed 1344K, reserved 1048576K
}
Event: 1.239 GC heap before
{Heap before GC invocations=1 (full 0):
 garbage-first heap   total 251904K, used 27621K [0x000000070ac00000, 0x0000000800000000)
  region size 2048K, 14 young (28672K), 2 survivors (4096K)
 Metaspace       used 21304K, committed 21504K, reserved 1114112K
  class space    used 2199K, committed 2304K, reserved 1048576K
}
Event: 1.242 GC heap after
{Heap after GC invocations=2 (full 0):
 garbage-first heap   total 251904K, used 8621K [0x000000070ac00000, 0x0000000800000000)
  region size 2048K, 3 young (6144K), 3 survivors (6144K)
 Metaspace       used 21304K, committed 21504K, reserved 1114112K
  class space    used 2199K, committed 2304K, reserved 1048576K
}
Event: 1.639 GC heap before
{Heap before GC invocations=3 (full 0):
 garbage-first heap   total 34816K, used 33197K [0x000000070ac00000, 0x0000000800000000)
  region size 2048K, 15 young (30720K), 3 survivors (6144K)
 Metaspace       used 25333K, committed 25600K, reserved 1114112K
  class space    used 2700K, committed 2816K, reserved 1048576K
}
Event: 1.647 GC heap after
{Heap after GC invocations=4 (full 0):
 garbage-first heap   total 47104K, used 15494K [0x000000070ac00000, 0x0000000800000000)
  region size 2048K, 6 young (12288K), 6 survivors (12288K)
 Metaspace       used 25333K, committed 25600K, reserved 1114112K
  class space    used 2700K, committed 2816K, reserved 1048576K
}
Event: 1.819 GC heap before
{Heap before GC invocations=4 (full 0):
 garbage-first heap   total 47104K, used 29830K [0x000000070ac00000, 0x0000000800000000)
  region size 2048K, 13 young (26624K), 6 survivors (12288K)
 Metaspace       used 26728K, committed 26944K, reserved 1114112K
  class space    used 2889K, committed 2944K, reserved 1048576K
}
Event: 1.830 GC heap after
{Heap after GC invocations=5 (full 0):
 garbage-first heap   total 47104K, used 19980K [0x000000070ac00000, 0x0000000800000000)
  region size 2048K, 2 young (4096K), 2 survivors (4096K)
 Metaspace       used 26728K, committed 26944K, reserved 1114112K
  class space    used 2889K, committed 2944K, reserved 1048576K
}
Event: 2.018 GC heap before
{Heap before GC invocations=5 (full 0):
 garbage-first heap   total 47104K, used 32268K [0x000000070ac00000, 0x0000000800000000)
  region size 2048K, 9 young (18432K), 2 survivors (4096K)
 Metaspace       used 28604K, committed 28864K, reserved 1114112K
  class space    used 3081K, committed 3200K, reserved 1048576K
}
Event: 2.024 GC heap after
{Heap after GC invocations=6 (full 0):
 garbage-first heap   total 47104K, used 22991K [0x000000070ac00000, 0x0000000800000000)
  region size 2048K, 2 young (4096K), 2 survivors (4096K)
 Metaspace       used 28604K, committed 28864K, reserved 1114112K
  class space    used 3081K, committed 3200K, reserved 1048576K
}
Event: 2.327 GC heap before
{Heap before GC invocations=6 (full 0):
 garbage-first heap   total 47104K, used 35279K [0x000000070ac00000, 0x0000000800000000)
  region size 2048K, 8 young (16384K), 2 survivors (4096K)
 Metaspace       used 32907K, committed 33152K, reserved 1114112K
  class space    used 4045K, committed 4160K, reserved 1048576K
}
Event: 2.331 GC heap after
{Heap after GC invocations=7 (full 0):
 garbage-first heap   total 47104K, used 23722K [0x000000070ac00000, 0x0000000800000000)
  region size 2048K, 1 young (2048K), 1 survivors (2048K)
 Metaspace       used 32907K, committed 33152K, reserved 1114112K
  class space    used 4045K, committed 4160K, reserved 1048576K
}
Event: 2.549 GC heap before
{Heap before GC invocations=7 (full 0):
 garbage-first heap   total 47104K, used 36010K [0x000000070ac00000, 0x0000000800000000)
  region size 2048K, 8 young (16384K), 1 survivors (2048K)
 Metaspace       used 35736K, committed 35968K, reserved 1114112K
  class space    used 4347K, committed 4480K, reserved 1048576K
}
Event: 2.554 GC heap after
{Heap after GC invocations=8 (full 0):
 garbage-first heap   total 47104K, used 24576K [0x000000070ac00000, 0x0000000800000000)
  region size 2048K, 1 young (2048K), 1 survivors (2048K)
 Metaspace       used 35736K, committed 35968K, reserved 1114112K
  class space    used 4347K, committed 4480K, reserved 1048576K
}
Event: 2.759 GC heap before
{Heap before GC invocations=9 (full 0):
 garbage-first heap   total 47104K, used 38912K [0x000000070ac00000, 0x0000000800000000)
  region size 2048K, 8 young (16384K), 1 survivors (2048K)
 Metaspace       used 39037K, committed 39296K, reserved 1114112K
  class space    used 4700K, committed 4800K, reserved 1048576K
}
Event: 2.762 GC heap after
{Heap after GC invocations=10 (full 0):
 garbage-first heap   total 149504K, used 25588K [0x000000070ac00000, 0x0000000800000000)
  region size 2048K, 1 young (2048K), 1 survivors (2048K)
 Metaspace       used 39037K, committed 39296K, reserved 1114112K
  class space    used 4700K, committed 4800K, reserved 1048576K
}
Event: 4.227 GC heap before
{Heap before GC invocations=10 (full 0):
 garbage-first heap   total 149504K, used 109556K [0x000000070ac00000, 0x0000000800000000)
  region size 2048K, 43 young (88064K), 1 survivors (2048K)
 Metaspace       used 53367K, committed 53696K, reserved 1114112K
  class space    used 6203K, committed 6336K, reserved 1048576K
}
Event: 4.246 GC heap after
{Heap after GC invocations=11 (full 0):
 garbage-first heap   total 149504K, used 40194K [0x000000070ac00000, 0x0000000800000000)
  region size 2048K, 6 young (12288K), 6 survivors (12288K)
 Metaspace       used 53367K, committed 53696K, reserved 1114112K
  class space    used 6203K, committed 6336K, reserved 1048576K
}

