# JRE version: OpenJDK Runtime Environment JBR-17.0.14+1-1367.22-jcef (17.0.14+1) (build 17.0.14+1-b1367.22)
# Java VM: OpenJDK 64-Bit Server VM JBR-17.0.14+1-1367.22-jcef (17.0.14+1-b1367.22, mixed mode, sharing, tiered, compressed oops, compressed class ptrs, g1 gc, windows-amd64)
GC Precious Log:
 CPUs: 12 total, 12 available
 Memory: 15693M
 Large Page Support: Disabled
 NUMA Support: Disabled
 Compressed Oops: Enabled (Zero based)
 Heap Region Size: 2M
 Heap Min Capacity: 8M
 Heap Initial Capacity: 246M
 Heap Max Capacity: 4G
 Pre-touch: Disabled
 Parallel Workers: 10
 Concurrent Workers: 3
 Concurrent Refinement Workers: 10
 Periodic GC: Disabled
Heap:
 garbage-first heap   total 737280K, used 432794K [0x0000000700000000, 0x0000000800000000)
  region size 2048K, 3 young (6144K), 3 survivors (6144K)
 Metaspace       used 149296K, committed 150656K, reserved 1179648K
  class space    used 20181K, committed 20864K, reserved 1048576K
GC Heap History (20 events):
Event: 32.456 GC heap after
{Heap after GC invocations=52 (full 0):
 garbage-first heap   total 380928K, used 265830K [0x0000000700000000, 0x0000000800000000)
  region size 2048K, 2 young (4096K), 2 survivors (4096K)
 Metaspace       used 140568K, committed 141824K, reserved 1179648K
  class space    used 18924K, committed 19520K, reserved 1048576K
}
Event: 32.466 GC heap before
{Heap before GC invocations=52 (full 0):
 garbage-first heap   total 380928K, used 282214K [0x0000000700000000, 0x0000000800000000)
  region size 2048K, 4 young (8192K), 2 survivors (4096K)
 Metaspace       used 140569K, committed 141824K, reserved 1179648K
  class space    used 18924K, committed 19520K, reserved 1048576K
}
Event: 32.469 GC heap after
{Heap after GC invocations=53 (full 0):
 garbage-first heap   total 380928K, used 279651K [0x0000000700000000, 0x0000000800000000)
  region size 2048K, 1 young (2048K), 1 survivors (2048K)
 Metaspace       used 140569K, committed 141824K, reserved 1179648K
  class space    used 18924K, committed 19520K, reserved 1048576K
}
Event: 32.478 GC heap before
{Heap before GC invocations=53 (full 0):
 garbage-first heap   total 380928K, used 285795K [0x0000000700000000, 0x0000000800000000)
  region size 2048K, 3 young (6144K), 1 survivors (2048K)
 Metaspace       used 140571K, committed 141824K, reserved 1179648K
  class space    used 18924K, committed 19520K, reserved 1048576K
}
Event: 32.482 GC heap after
{Heap after GC invocations=54 (full 0):
 garbage-first heap   total 671744K, used 283633K [0x0000000700000000, 0x0000000800000000)
  region size 2048K, 1 young (2048K), 1 survivors (2048K)
 Metaspace       used 140571K, committed 141824K, reserved 1179648K
  class space    used 18924K, committed 19520K, reserved 1048576K
}
Event: 32.489 GC heap before
{Heap before GC invocations=54 (full 0):
 garbage-first heap   total 671744K, used 289777K [0x0000000700000000, 0x0000000800000000)
  region size 2048K, 3 young (6144K), 1 survivors (2048K)
 Metaspace       used 140572K, committed 141824K, reserved 1179648K
  class space    used 18924K, committed 19520K, reserved 1048576K
}
Event: 32.493 GC heap after
{Heap after GC invocations=55 (full 0):
 garbage-first heap   total 671744K, used 283390K [0x0000000700000000, 0x0000000800000000)
  region size 2048K, 1 young (2048K), 1 survivors (2048K)
 Metaspace       used 140572K, committed 141824K, reserved 1179648K
  class space    used 18924K, committed 19520K, reserved 1048576K
}
Event: 33.398 GC heap before
{Heap before GC invocations=56 (full 0):
 garbage-first heap   total 671744K, used 539390K [0x0000000700000000, 0x0000000800000000)
  region size 2048K, 118 young (241664K), 1 survivors (2048K)
 Metaspace       used 142131K, committed 143552K, reserved 1179648K
  class space    used 19170K, committed 19840K, reserved 1048576K
}
Event: 33.410 GC heap after
{Heap after GC invocations=57 (full 0):
 garbage-first heap   total 671744K, used 276879K [0x0000000700000000, 0x0000000800000000)
  region size 2048K, 9 young (18432K), 9 survivors (18432K)
 Metaspace       used 142131K, committed 143552K, reserved 1179648K
  class space    used 19170K, committed 19840K, reserved 1048576K
}
Event: 33.444 GC heap before
{Heap before GC invocations=57 (full 0):
 garbage-first heap   total 671744K, used 289167K [0x0000000700000000, 0x0000000800000000)
  region size 2048K, 16 young (32768K), 9 survivors (18432K)
 Metaspace       used 142141K, committed 143552K, reserved 1179648K
  class space    used 19171K, committed 19840K, reserved 1048576K
}
Event: 33.454 GC heap after
{Heap after GC invocations=58 (full 0):
 garbage-first heap   total 671744K, used 256320K [0x0000000700000000, 0x0000000800000000)
  region size 2048K, 2 young (4096K), 2 survivors (4096K)
 Metaspace       used 142141K, committed 143552K, reserved 1179648K
  class space    used 19171K, committed 19840K, reserved 1048576K
}
Event: 33.996 GC heap before
{Heap before GC invocations=58 (full 0):
 garbage-first heap   total 671744K, used 536896K [0x0000000700000000, 0x0000000800000000)
  region size 2048K, 139 young (284672K), 2 survivors (4096K)
 Metaspace       used 144826K, committed 146240K, reserved 1179648K
  class space    used 19548K, committed 20224K, reserved 1048576K
}
Event: 34.009 GC heap after
{Heap after GC invocations=59 (full 0):
 garbage-first heap   total 671744K, used 326125K [0x0000000700000000, 0x0000000800000000)
  region size 2048K, 18 young (36864K), 18 survivors (36864K)
 Metaspace       used 144826K, committed 146240K, reserved 1179648K
  class space    used 19548K, committed 20224K, reserved 1048576K
}
Event: 34.380 GC heap before
{Heap before GC invocations=59 (full 0):
 garbage-first heap   total 671744K, used 516589K [0x0000000700000000, 0x0000000800000000)
  region size 2048K, 112 young (229376K), 18 survivors (36864K)
 Metaspace       used 146946K, committed 148288K, reserved 1179648K
  class space    used 19805K, committed 20480K, reserved 1048576K
}
Event: 34.401 GC heap after
{Heap after GC invocations=60 (full 0):
 garbage-first heap   total 671744K, used 368358K [0x0000000700000000, 0x0000000800000000)
  region size 2048K, 14 young (28672K), 14 survivors (28672K)
 Metaspace       used 146946K, committed 148288K, reserved 1179648K
  class space    used 19805K, committed 20480K, reserved 1048576K
}
Event: 34.724 GC heap before
{Heap before GC invocations=60 (full 0):
 garbage-first heap   total 671744K, used 528102K [0x0000000700000000, 0x0000000800000000)
  region size 2048K, 92 young (188416K), 14 survivors (28672K)
 Metaspace       used 148316K, committed 149632K, reserved 1179648K
  class space    used 20025K, committed 20672K, reserved 1048576K
}
Event: 34.753 GC heap after
{Heap after GC invocations=61 (full 0):
 garbage-first heap   total 671744K, used 403456K [0x0000000700000000, 0x0000000800000000)
  region size 2048K, 12 young (24576K), 12 survivors (24576K)
 Metaspace       used 148316K, committed 149632K, reserved 1179648K
  class space    used 20025K, committed 20672K, reserved 1048576K
}
Event: 35.068 GC heap before
{Heap before GC invocations=62 (full 0):
 garbage-first heap   total 737280K, used 534528K [0x0000000700000000, 0x0000000800000000)
  region size 2048K, 76 young (155648K), 12 survivors (24576K)
 Metaspace       used 149284K, committed 150656K, reserved 1179648K
  class space    used 20179K, committed 20864K, reserved 1048576K
}
Event: 35.094 GC heap after
{Heap after GC invocations=63 (full 0):
 garbage-first heap   total 737280K, used 433637K [0x0000000700000000, 0x0000000800000000)
  region size 2048K, 10 young (20480K), 10 survivors (20480K)
 Metaspace       used 149284K, committed 150656K, reserved 1179648K
  class space    used 20179K, committed 20864K, reserved 1048576K
}
Event: 35.125 GC heap before
{Heap before GC invocations=63 (full 0):
 garbage-first heap   total 737280K, used 450021K [0x0000000700000000, 0x0000000800000000)
  region size 2048K, 18 young (36864K), 10 survivors (20480K)
 Metaspace       used 149296K, committed 150656K, reserved 1179648K
  class space    used 20181K, committed 20864K, reserved 1048576K
}

