# JRE version: OpenJDK Runtime Environment (21.0.7) (build 21.0.7+-13880790-b1038.58)
# Java VM: OpenJDK 64-Bit Server VM (21.0.7+-13880790-b1038.58, mixed mode, tiered, compressed oops, compressed class ptrs, g1 gc, windows-amd64)
GC Precious Log:
 CardTable entry size: 512
 Card Set container configuration: InlinePtr #cards 5 size 8 Array Of Cards #cards 12 size 40 Howl #buckets 4 coarsen threshold 1843 Howl Bitmap #cards 512 size 80 coarsen threshold 460 Card regions per heap region 1 cards per card region 2048
 CPUs: 12 total, 12 available
 Memory: 15693M
 Large Page Support: Disabled
 NUMA Support: Disabled
 Compressed Oops: Enabled (32-bit)
 Heap Region Size: 1M
 Heap Min Capacity: 8M
 Heap Initial Capacity: 246M
 Heap Max Capacity: 2G
 Pre-touch: Disabled
 Parallel Workers: 10
 Concurrent Workers: 3
 Concurrent Refinement Workers: 10
 Periodic GC: Disabled
Heap:
 garbage-first heap   total 276480K, used 167326K [0x0000000080000000, 0x0000000100000000)
  region size 1024K, 8 young (8192K), 8 survivors (8192K)
 Metaspace       used 140330K, committed 142784K, reserved 1179648K
  class space    used 18561K, committed 19776K, reserved 1048576K
GC Heap History (20 events):
Event: 19.931 GC heap after
{Heap after GC invocations=54 (full 0):
 garbage-first heap   total 193536K, used 130464K [0x0000000080000000, 0x0000000100000000)
  region size 1024K, 8 young (8192K), 8 survivors (8192K)
 Metaspace       used 128697K, committed 131072K, reserved 1179648K
  class space    used 17309K, committed 18496K, reserved 1048576K
}
Event: 20.319 GC heap before
{Heap before GC invocations=55 (full 0):
 garbage-first heap   total 219136K, used 172448K [0x0000000080000000, 0x0000000100000000)
  region size 1024K, 49 young (50176K), 8 survivors (8192K)
 Metaspace       used 128882K, committed 131200K, reserved 1179648K
  class space    used 17324K, committed 18496K, reserved 1048576K
}
Event: 20.326 GC heap after
{Heap after GC invocations=56 (full 0):
 garbage-first heap   total 219136K, used 139024K [0x0000000080000000, 0x0000000100000000)
  region size 1024K, 7 young (7168K), 7 survivors (7168K)
 Metaspace       used 128882K, committed 131200K, reserved 1179648K
  class space    used 17324K, committed 18496K, reserved 1048576K
}
Event: 20.513 GC heap before
{Heap before GC invocations=56 (full 0):
 garbage-first heap   total 219136K, used 196368K [0x0000000080000000, 0x0000000100000000)
  region size 1024K, 64 young (65536K), 7 survivors (7168K)
 Metaspace       used 129302K, committed 131648K, reserved 1179648K
  class space    used 17408K, committed 18560K, reserved 1048576K
}
Event: 20.520 GC heap after
{Heap after GC invocations=57 (full 0):
 garbage-first heap   total 219136K, used 138808K [0x0000000080000000, 0x0000000100000000)
  region size 1024K, 5 young (5120K), 5 survivors (5120K)
 Metaspace       used 129302K, committed 131648K, reserved 1179648K
  class space    used 17408K, committed 18560K, reserved 1048576K
}
Event: 21.250 GC heap before
{Heap before GC invocations=57 (full 0):
 garbage-first heap   total 219136K, used 196152K [0x0000000080000000, 0x0000000100000000)
  region size 1024K, 62 young (63488K), 5 survivors (5120K)
 Metaspace       used 131483K, committed 133824K, reserved 1179648K
  class space    used 17655K, committed 18816K, reserved 1048576K
}
Event: 21.256 GC heap after
{Heap after GC invocations=58 (full 0):
 garbage-first heap   total 219136K, used 144280K [0x0000000080000000, 0x0000000100000000)
  region size 1024K, 8 young (8192K), 8 survivors (8192K)
 Metaspace       used 131483K, committed 133824K, reserved 1179648K
  class space    used 17655K, committed 18816K, reserved 1048576K
}
Event: 22.244 GC heap before
{Heap before GC invocations=59 (full 0):
 garbage-first heap   total 240640K, used 196504K [0x0000000080000000, 0x0000000100000000)
  region size 1024K, 60 young (61440K), 8 survivors (8192K)
 Metaspace       used 132243K, committed 134592K, reserved 1179648K
  class space    used 17705K, committed 18880K, reserved 1048576K
}
Event: 22.254 GC heap after
{Heap after GC invocations=60 (full 0):
 garbage-first heap   total 240640K, used 157577K [0x0000000080000000, 0x0000000100000000)
  region size 1024K, 8 young (8192K), 8 survivors (8192K)
 Metaspace       used 132243K, committed 134592K, reserved 1179648K
  class space    used 17705K, committed 18880K, reserved 1048576K
}
Event: 22.642 GC heap before
{Heap before GC invocations=60 (full 0):
 garbage-first heap   total 240640K, used 226185K [0x0000000080000000, 0x0000000100000000)
  region size 1024K, 63 young (64512K), 8 survivors (8192K)
 Metaspace       used 133221K, committed 135552K, reserved 1179648K
  class space    used 17792K, committed 18944K, reserved 1048576K
}
Event: 22.651 GC heap after
{Heap after GC invocations=61 (full 0):
 garbage-first heap   total 247808K, used 163817K [0x0000000080000000, 0x0000000100000000)
  region size 1024K, 8 young (8192K), 8 survivors (8192K)
 Metaspace       used 133221K, committed 135552K, reserved 1179648K
  class space    used 17792K, committed 18944K, reserved 1048576K
}
Event: 22.966 GC heap before
{Heap before GC invocations=61 (full 0):
 garbage-first heap   total 247808K, used 220137K [0x0000000080000000, 0x0000000100000000)
  region size 1024K, 64 young (65536K), 8 survivors (8192K)
 Metaspace       used 136010K, committed 138304K, reserved 1179648K
  class space    used 18046K, committed 19200K, reserved 1048576K
}
Event: 22.970 GC heap after
{Heap after GC invocations=62 (full 0):
 garbage-first heap   total 247808K, used 165453K [0x0000000080000000, 0x0000000100000000)
  region size 1024K, 2 young (2048K), 2 survivors (2048K)
 Metaspace       used 136010K, committed 138304K, reserved 1179648K
  class space    used 18046K, committed 19200K, reserved 1048576K
}
Event: 23.339 GC heap before
{Heap before GC invocations=63 (full 0):
 garbage-first heap   total 276480K, used 224845K [0x0000000080000000, 0x0000000100000000)
  region size 1024K, 61 young (62464K), 2 survivors (2048K)
 Metaspace       used 137262K, committed 139584K, reserved 1179648K
  class space    used 18189K, committed 19328K, reserved 1048576K
}
Event: 23.343 GC heap after
{Heap after GC invocations=64 (full 0):
 garbage-first heap   total 276480K, used 168310K [0x0000000080000000, 0x0000000100000000)
  region size 1024K, 5 young (5120K), 5 survivors (5120K)
 Metaspace       used 137262K, committed 139584K, reserved 1179648K
  class space    used 18189K, committed 19328K, reserved 1048576K
}
Event: 23.932 GC heap before
{Heap before GC invocations=64 (full 0):
 garbage-first heap   total 276480K, used 251254K [0x0000000080000000, 0x0000000100000000)
  region size 1024K, 87 young (89088K), 5 survivors (5120K)
 Metaspace       used 139056K, committed 141440K, reserved 1179648K
  class space    used 18414K, committed 19584K, reserved 1048576K
}
Event: 23.939 GC heap after
{Heap after GC invocations=65 (full 0):
 garbage-first heap   total 276480K, used 170456K [0x0000000080000000, 0x0000000100000000)
  region size 1024K, 8 young (8192K), 8 survivors (8192K)
 Metaspace       used 139056K, committed 141440K, reserved 1179648K
  class space    used 18414K, committed 19584K, reserved 1048576K
}
Event: 24.263 GC heap before
{Heap before GC invocations=65 (full 0):
 garbage-first heap   total 276480K, used 252376K [0x0000000080000000, 0x0000000100000000)
  region size 1024K, 89 young (91136K), 8 survivors (8192K)
 Metaspace       used 140303K, committed 142720K, reserved 1179648K
  class space    used 18558K, committed 19776K, reserved 1048576K
}
Event: 24.271 GC heap after
{Heap after GC invocations=66 (full 0):
 garbage-first heap   total 276480K, used 166473K [0x0000000080000000, 0x0000000100000000)
  region size 1024K, 7 young (7168K), 7 survivors (7168K)
 Metaspace       used 140303K, committed 142720K, reserved 1179648K
  class space    used 18558K, committed 19776K, reserved 1048576K
}
Event: 24.280 GC heap before
{Heap before GC invocations=66 (full 0):
 garbage-first heap   total 276480K, used 171593K [0x0000000080000000, 0x0000000100000000)
  region size 1024K, 13 young (13312K), 7 survivors (7168K)
 Metaspace       used 140330K, committed 142784K, reserved 1179648K
  class space    used 18561K, committed 19776K, reserved 1048576K
}

