# JRE version: OpenJDK Runtime Environment (21.0.7) (build 21.0.7+-13880790-b1038.58)
# Java VM: OpenJDK 64-Bit Server VM (21.0.7+-13880790-b1038.58, mixed mode, tiered, compressed oops, compressed class ptrs, g1 gc, windows-amd64)
GC Precious Log:
 CardTable entry size: 512
 Card Set container configuration: InlinePtr #cards 5 size 8 Array Of Cards #cards 12 size 40 Howl #buckets 4 coarsen threshold 1843 Howl Bitmap #cards 512 size 80 coarsen threshold 460 Card regions per heap region 1 cards per card region 2048
 CPUs: 12 total, 12 available
 Memory: 15693M
 Large Page Support: Disabled
 NUMA Support: Disabled
 Compressed Oops: Enabled (32-bit)
 Heap Region Size: 1M
 Heap Min Capacity: 8M
 Heap Initial Capacity: 246M
 Heap Max Capacity: 2G
 Pre-touch: Disabled
 Parallel Workers: 10
 Concurrent Workers: 3
 Concurrent Refinement Workers: 10
 Periodic GC: Disabled
Heap:
 garbage-first heap   total 276480K, used 206718K [0x0000000080000000, 0x0000000100000000)
  region size 1024K, 50 young (51200K), 9 survivors (9216K)
 Metaspace       used 117304K, committed 119488K, reserved 1179648K
  class space    used 15993K, committed 17088K, reserved 1048576K
GC Heap History (20 events):
Event: 9.675 GC heap before
{Heap before GC invocations=26 (full 0):
 garbage-first heap   total 184320K, used 156251K [0x0000000080000000, 0x0000000100000000)
  region size 1024K, 50 young (51200K), 4 survivors (4096K)
 Metaspace       used 74540K, committed 76352K, reserved 1114112K
  class space    used 10292K, committed 11200K, reserved 1048576K
}
Event: 9.678 GC heap after
{Heap after GC invocations=27 (full 0):
 garbage-first heap   total 184320K, used 110930K [0x0000000080000000, 0x0000000100000000)
  region size 1024K, 5 young (5120K), 5 survivors (5120K)
 Metaspace       used 74540K, committed 76352K, reserved 1114112K
  class space    used 10292K, committed 11200K, reserved 1048576K
}
Event: 10.012 GC heap before
{Heap before GC invocations=27 (full 0):
 garbage-first heap   total 184320K, used 174418K [0x0000000080000000, 0x0000000100000000)
  region size 1024K, 61 young (62464K), 5 survivors (5120K)
 Metaspace       used 74785K, committed 76544K, reserved 1114112K
  class space    used 10323K, committed 11200K, reserved 1048576K
}
Event: 10.016 GC heap after
{Heap after GC invocations=28 (full 0):
 garbage-first heap   total 185344K, used 120682K [0x0000000080000000, 0x0000000100000000)
  region size 1024K, 8 young (8192K), 8 survivors (8192K)
 Metaspace       used 74785K, committed 76544K, reserved 1114112K
  class space    used 10323K, committed 11200K, reserved 1048576K
}
Event: 10.430 GC heap before
{Heap before GC invocations=28 (full 0):
 garbage-first heap   total 185344K, used 171882K [0x0000000080000000, 0x0000000100000000)
  region size 1024K, 52 young (53248K), 8 survivors (8192K)
 Metaspace       used 77736K, committed 79552K, reserved 1179648K
  class space    used 10691K, committed 11584K, reserved 1048576K
}
Event: 10.437 GC heap after
{Heap after GC invocations=29 (full 0):
 garbage-first heap   total 189440K, used 131786K [0x0000000080000000, 0x0000000100000000)
  region size 1024K, 7 young (7168K), 7 survivors (7168K)
 Metaspace       used 77736K, committed 79552K, reserved 1179648K
  class space    used 10691K, committed 11584K, reserved 1048576K
}
Event: 10.830 GC heap before
{Heap before GC invocations=29 (full 0):
 garbage-first heap   total 189440K, used 169674K [0x0000000080000000, 0x0000000100000000)
  region size 1024K, 45 young (46080K), 7 survivors (7168K)
 Metaspace       used 82114K, committed 83968K, reserved 1179648K
  class space    used 11098K, committed 12032K, reserved 1048576K
}
Event: 10.834 GC heap after
{Heap after GC invocations=30 (full 0):
 garbage-first heap   total 227328K, used 133044K [0x0000000080000000, 0x0000000100000000)
  region size 1024K, 2 young (2048K), 2 survivors (2048K)
 Metaspace       used 82114K, committed 83968K, reserved 1179648K
  class space    used 11098K, committed 12032K, reserved 1048576K
}
Event: 11.703 GC heap before
{Heap before GC invocations=31 (full 0):
 garbage-first heap   total 227328K, used 213940K [0x0000000080000000, 0x0000000100000000)
  region size 1024K, 77 young (78848K), 2 survivors (2048K)
 Metaspace       used 88385K, committed 90368K, reserved 1179648K
  class space    used 12011K, committed 12992K, reserved 1048576K
}
Event: 11.707 GC heap after
{Heap after GC invocations=32 (full 0):
 garbage-first heap   total 227328K, used 140650K [0x0000000080000000, 0x0000000100000000)
  region size 1024K, 8 young (8192K), 8 survivors (8192K)
 Metaspace       used 88385K, committed 90368K, reserved 1179648K
  class space    used 12011K, committed 12992K, reserved 1048576K
}
Event: 12.517 GC heap before
{Heap before GC invocations=32 (full 0):
 garbage-first heap   total 227328K, used 208234K [0x0000000080000000, 0x0000000100000000)
  region size 1024K, 72 young (73728K), 8 survivors (8192K)
 Metaspace       used 94556K, committed 96576K, reserved 1179648K
  class space    used 12818K, committed 13824K, reserved 1048576K
}
Event: 12.523 GC heap after
{Heap after GC invocations=33 (full 0):
 garbage-first heap   total 227328K, used 145803K [0x0000000080000000, 0x0000000100000000)
  region size 1024K, 4 young (4096K), 4 survivors (4096K)
 Metaspace       used 94556K, committed 96576K, reserved 1179648K
  class space    used 12818K, committed 13824K, reserved 1048576K
}
Event: 13.370 GC heap before
{Heap before GC invocations=33 (full 0):
 garbage-first heap   total 227328K, used 210315K [0x0000000080000000, 0x0000000100000000)
  region size 1024K, 67 young (68608K), 4 survivors (4096K)
 Metaspace       used 98372K, committed 100480K, reserved 1179648K
  class space    used 13362K, committed 14400K, reserved 1048576K
}
Event: 13.375 GC heap after
{Heap after GC invocations=34 (full 0):
 garbage-first heap   total 227328K, used 151136K [0x0000000080000000, 0x0000000100000000)
  region size 1024K, 9 young (9216K), 9 survivors (9216K)
 Metaspace       used 98372K, committed 100480K, reserved 1179648K
  class space    used 13362K, committed 14400K, reserved 1048576K
}
Event: 14.009 GC heap before
{Heap before GC invocations=35 (full 0):
 garbage-first heap   total 252928K, used 204384K [0x0000000080000000, 0x0000000100000000)
  region size 1024K, 61 young (62464K), 9 survivors (9216K)
 Metaspace       used 100855K, committed 102912K, reserved 1179648K
  class space    used 13688K, committed 14720K, reserved 1048576K
}
Event: 14.014 GC heap after
{Heap after GC invocations=36 (full 0):
 garbage-first heap   total 252928K, used 152909K [0x0000000080000000, 0x0000000100000000)
  region size 1024K, 5 young (5120K), 5 survivors (5120K)
 Metaspace       used 100855K, committed 102912K, reserved 1179648K
  class space    used 13688K, committed 14720K, reserved 1048576K
}
Event: 14.905 GC heap before
{Heap before GC invocations=36 (full 0):
 garbage-first heap   total 252928K, used 230733K [0x0000000080000000, 0x0000000100000000)
  region size 1024K, 80 young (81920K), 5 survivors (5120K)
 Metaspace       used 106684K, committed 108864K, reserved 1179648K
  class space    used 14655K, committed 15744K, reserved 1048576K
}
Event: 14.910 GC heap after
{Heap after GC invocations=37 (full 0):
 garbage-first heap   total 252928K, used 153213K [0x0000000080000000, 0x0000000100000000)
  region size 1024K, 7 young (7168K), 7 survivors (7168K)
 Metaspace       used 106684K, committed 108864K, reserved 1179648K
  class space    used 14655K, committed 15744K, reserved 1048576K
}
Event: 15.624 GC heap before
{Heap before GC invocations=37 (full 0):
 garbage-first heap   total 252928K, used 216701K [0x0000000080000000, 0x0000000100000000)
  region size 1024K, 71 young (72704K), 7 survivors (7168K)
 Metaspace       used 111057K, committed 113280K, reserved 1179648K
  class space    used 15192K, committed 16320K, reserved 1048576K
}
Event: 15.633 GC heap after
{Heap after GC invocations=38 (full 0):
 garbage-first heap   total 252928K, used 159614K [0x0000000080000000, 0x0000000100000000)
  region size 1024K, 9 young (9216K), 9 survivors (9216K)
 Metaspace       used 111057K, committed 113280K, reserved 1179648K
  class space    used 15192K, committed 16320K, reserved 1048576K
}

