# JRE version: OpenJDK Runtime Environment (21.0.7) (build 21.0.7+-13880790-b1038.58)
# Java VM: OpenJDK 64-Bit Server VM (21.0.7+-13880790-b1038.58, mixed mode, tiered, compressed oops, compressed class ptrs, g1 gc, windows-amd64)
GC Precious Log:
 CardTable entry size: 512
 Card Set container configuration: InlinePtr #cards 5 size 8 Array Of Cards #cards 12 size 40 Howl #buckets 4 coarsen threshold 1843 Howl Bitmap #cards 512 size 80 coarsen threshold 460 Card regions per heap region 1 cards per card region 2048
 CPUs: 12 total, 12 available
 Memory: 15693M
 Large Page Support: Disabled
 NUMA Support: Disabled
 Compressed Oops: Enabled (32-bit)
 Heap Region Size: 1M
 Heap Min Capacity: 8M
 Heap Initial Capacity: 246M
 Heap Max Capacity: 2G
 Pre-touch: Disabled
 Parallel Workers: 10
 Concurrent Workers: 3
 Concurrent Refinement Workers: 10
 Periodic GC: Disabled
Heap:
 garbage-first heap   total 343040K, used 193624K [0x0000000080000000, 0x0000000100000000)
  region size 1024K, 8 young (8192K), 8 survivors (8192K)
 Metaspace       used 162884K, committed 165440K, reserved 1245184K
  class space    used 22285K, committed 23552K, reserved 1048576K
GC Heap History (20 events):
Event: 961.193 GC heap after
{Heap after GC invocations=68 (full 0):
 garbage-first heap   total 296960K, used 189440K [0x0000000080000000, 0x0000000100000000)
  region size 1024K, 13 young (13312K), 13 survivors (13312K)
 Metaspace       used 160932K, committed 163456K, reserved 1245184K
  class space    used 22126K, committed 23360K, reserved 1048576K
}
Event: 965.345 GC heap before
{Heap before GC invocations=68 (full 0):
 garbage-first heap   total 296960K, used 267264K [0x0000000080000000, 0x0000000100000000)
  region size 1024K, 90 young (92160K), 13 survivors (13312K)
 Metaspace       used 161936K, committed 164480K, reserved 1245184K
  class space    used 22245K, committed 23488K, reserved 1048576K
}
Event: 965.363 GC heap after
{Heap after GC invocations=69 (full 0):
 garbage-first heap   total 296960K, used 203776K [0x0000000080000000, 0x0000000100000000)
  region size 1024K, 12 young (12288K), 12 survivors (12288K)
 Metaspace       used 161936K, committed 164480K, reserved 1245184K
  class space    used 22245K, committed 23488K, reserved 1048576K
}
Event: 965.547 GC heap before
{Heap before GC invocations=69 (full 0):
 garbage-first heap   total 296960K, used 269312K [0x0000000080000000, 0x0000000100000000)
  region size 1024K, 76 young (77824K), 12 survivors (12288K)
 Metaspace       used 162188K, committed 164672K, reserved 1245184K
  class space    used 22253K, committed 23488K, reserved 1048576K
}
Event: 965.558 GC heap after
{Heap after GC invocations=70 (full 0):
 garbage-first heap   total 296960K, used 209857K [0x0000000080000000, 0x0000000100000000)
  region size 1024K, 6 young (6144K), 6 survivors (6144K)
 Metaspace       used 162188K, committed 164672K, reserved 1245184K
  class space    used 22253K, committed 23488K, reserved 1048576K
}
Event: 965.737 GC heap before
{Heap before GC invocations=71 (full 0):
 garbage-first heap   total 343040K, used 266177K [0x0000000080000000, 0x0000000100000000)
  region size 1024K, 66 young (67584K), 6 survivors (6144K)
 Metaspace       used 162218K, committed 164736K, reserved 1245184K
  class space    used 22257K, committed 23488K, reserved 1048576K
}
Event: 965.742 GC heap after
{Heap after GC invocations=72 (full 0):
 garbage-first heap   total 343040K, used 205024K [0x0000000080000000, 0x0000000100000000)
  region size 1024K, 6 young (6144K), 6 survivors (6144K)
 Metaspace       used 162218K, committed 164736K, reserved 1245184K
  class space    used 22257K, committed 23488K, reserved 1048576K
}
Event: 965.959 GC heap before
{Heap before GC invocations=72 (full 0):
 garbage-first heap   total 343040K, used 315616K [0x0000000080000000, 0x0000000100000000)
  region size 1024K, 115 young (117760K), 6 survivors (6144K)
 Metaspace       used 162306K, committed 164864K, reserved 1245184K
  class space    used 22272K, committed 23552K, reserved 1048576K
}
Event: 965.968 GC heap after
{Heap after GC invocations=73 (full 0):
 garbage-first heap   total 343040K, used 199052K [0x0000000080000000, 0x0000000100000000)
  region size 1024K, 10 young (10240K), 10 survivors (10240K)
 Metaspace       used 162306K, committed 164864K, reserved 1245184K
  class space    used 22272K, committed 23552K, reserved 1048576K
}
Event: 966.214 GC heap before
{Heap before GC invocations=73 (full 0):
 garbage-first heap   total 343040K, used 312716K [0x0000000080000000, 0x0000000100000000)
  region size 1024K, 121 young (123904K), 10 survivors (10240K)
 Metaspace       used 162355K, committed 164928K, reserved 1245184K
  class space    used 22278K, committed 23552K, reserved 1048576K
}
Event: 966.225 GC heap after
{Heap after GC invocations=74 (full 0):
 garbage-first heap   total 343040K, used 203151K [0x0000000080000000, 0x0000000100000000)
  region size 1024K, 11 young (11264K), 11 survivors (11264K)
 Metaspace       used 162355K, committed 164928K, reserved 1245184K
  class space    used 22278K, committed 23552K, reserved 1048576K
}
Event: 966.534 GC heap before
{Heap before GC invocations=75 (full 0):
 garbage-first heap   total 343040K, used 308623K [0x0000000080000000, 0x0000000100000000)
  region size 1024K, 118 young (120832K), 11 survivors (11264K)
 Metaspace       used 162470K, committed 165056K, reserved 1245184K
  class space    used 22282K, committed 23552K, reserved 1048576K
}
Event: 966.546 GC heap after
{Heap after GC invocations=76 (full 0):
 garbage-first heap   total 343040K, used 204156K [0x0000000080000000, 0x0000000100000000)
  region size 1024K, 12 young (12288K), 12 survivors (12288K)
 Metaspace       used 162470K, committed 165056K, reserved 1245184K
  class space    used 22282K, committed 23552K, reserved 1048576K
}
Event: 966.737 GC heap before
{Heap before GC invocations=76 (full 0):
 garbage-first heap   total 343040K, used 311676K [0x0000000080000000, 0x0000000100000000)
  region size 1024K, 117 young (119808K), 12 survivors (12288K)
 Metaspace       used 162611K, committed 165184K, reserved 1245184K
  class space    used 22285K, committed 23552K, reserved 1048576K
}
Event: 966.749 GC heap after
{Heap after GC invocations=77 (full 0):
 garbage-first heap   total 343040K, used 193255K [0x0000000080000000, 0x0000000100000000)
  region size 1024K, 9 young (9216K), 9 survivors (9216K)
 Metaspace       used 162611K, committed 165184K, reserved 1245184K
  class space    used 22285K, committed 23552K, reserved 1048576K
}
Event: 966.980 GC heap before
{Heap before GC invocations=77 (full 0):
 garbage-first heap   total 343040K, used 314087K [0x0000000080000000, 0x0000000100000000)
  region size 1024K, 128 young (131072K), 9 survivors (9216K)
 Metaspace       used 162653K, committed 165248K, reserved 1245184K
  class space    used 22285K, committed 23552K, reserved 1048576K
}
Event: 966.988 GC heap after
{Heap after GC invocations=78 (full 0):
 garbage-first heap   total 343040K, used 197681K [0x0000000080000000, 0x0000000100000000)
  region size 1024K, 14 young (14336K), 14 survivors (14336K)
 Metaspace       used 162653K, committed 165248K, reserved 1245184K
  class space    used 22285K, committed 23552K, reserved 1048576K
}
Event: 967.326 GC heap before
{Heap before GC invocations=79 (full 0):
 garbage-first heap   total 343040K, used 308273K [0x0000000080000000, 0x0000000100000000)
  region size 1024K, 123 young (125952K), 14 survivors (14336K)
 Metaspace       used 162837K, committed 165440K, reserved 1245184K
  class space    used 22285K, committed 23552K, reserved 1048576K
}
Event: 967.336 GC heap after
{Heap after GC invocations=80 (full 0):
 garbage-first heap   total 343040K, used 199910K [0x0000000080000000, 0x0000000100000000)
  region size 1024K, 10 young (10240K), 10 survivors (10240K)
 Metaspace       used 162837K, committed 165440K, reserved 1245184K
  class space    used 22285K, committed 23552K, reserved 1048576K
}
Event: 967.601 GC heap before
{Heap before GC invocations=80 (full 0):
 garbage-first heap   total 343040K, used 314598K [0x0000000080000000, 0x0000000100000000)
  region size 1024K, 121 young (123904K), 10 survivors (10240K)
 Metaspace       used 162884K, committed 165440K, reserved 1245184K
  class space    used 22285K, committed 23552K, reserved 1048576K
}

