# JRE version: OpenJDK Runtime Environment JBR-17.0.14+1-1367.22-jcef (17.0.14+1) (build 17.0.14+1-b1367.22)
# Java VM: OpenJDK 64-Bit Server VM JBR-17.0.14+1-1367.22-jcef (17.0.14+1-b1367.22, mixed mode, sharing, tiered, compressed oops, compressed class ptrs, g1 gc, windows-amd64)
GC Precious Log:
 CPUs: 12 total, 12 available
 Memory: 15693M
 Large Page Support: Disabled
 NUMA Support: Disabled
 Compressed Oops: Enabled (Zero based)
 Heap Region Size: 2M
 Heap Min Capacity: 8M
 Heap Initial Capacity: 246M
 Heap Max Capacity: 4G
 Pre-touch: Disabled
 Parallel Workers: 10
 Concurrent Workers: 3
 Concurrent Refinement Workers: 10
 Periodic GC: Disabled
Heap:
 garbage-first heap   total 649216K, used 251936K [0x0000000700000000, 0x0000000800000000)
  region size 2048K, 8 young (16384K), 8 survivors (16384K)
 Metaspace       used 150483K, committed 151808K, reserved 1179648K
  class space    used 21300K, committed 21952K, reserved 1048576K
GC Heap History (20 events):
Event: 40.233 GC heap after
{Heap after GC invocations=65 (full 0):
 garbage-first heap   total 540672K, used 206864K [0x0000000700000000, 0x0000000800000000)
  region size 2048K, 6 young (12288K), 6 survivors (12288K)
 Metaspace       used 132983K, committed 134080K, reserved 1179648K
  class space    used 19342K, committed 19840K, reserved 1048576K
}
Event: 40.573 GC heap before
{Heap before GC invocations=65 (full 0):
 garbage-first heap   total 540672K, used 462864K [0x0000000700000000, 0x0000000800000000)
  region size 2048K, 132 young (270336K), 6 survivors (12288K)
 Metaspace       used 133171K, committed 134208K, reserved 1179648K
  class space    used 19355K, committed 19840K, reserved 1048576K
}
Event: 40.592 GC heap after
{Heap after GC invocations=66 (full 0):
 garbage-first heap   total 540672K, used 206850K [0x0000000700000000, 0x0000000800000000)
  region size 2048K, 6 young (12288K), 6 survivors (12288K)
 Metaspace       used 133171K, committed 134208K, reserved 1179648K
  class space    used 19355K, committed 19840K, reserved 1048576K
}
Event: 40.937 GC heap before
{Heap before GC invocations=66 (full 0):
 garbage-first heap   total 540672K, used 466946K [0x0000000700000000, 0x0000000800000000)
  region size 2048K, 133 young (272384K), 6 survivors (12288K)
 Metaspace       used 133261K, committed 134336K, reserved 1179648K
  class space    used 19358K, committed 19840K, reserved 1048576K
}
Event: 40.950 GC heap after
{Heap after GC invocations=67 (full 0):
 garbage-first heap   total 649216K, used 209476K [0x0000000700000000, 0x0000000800000000)
  region size 2048K, 7 young (14336K), 7 survivors (14336K)
 Metaspace       used 133261K, committed 134336K, reserved 1179648K
  class space    used 19358K, committed 19840K, reserved 1048576K
}
Event: 41.536 GC heap before
{Heap before GC invocations=67 (full 0):
 garbage-first heap   total 649216K, used 565828K [0x0000000700000000, 0x0000000800000000)
  region size 2048K, 182 young (372736K), 7 survivors (14336K)
 Metaspace       used 134078K, committed 135104K, reserved 1179648K
  class space    used 19486K, committed 19968K, reserved 1048576K
}
Event: 41.551 GC heap after
{Heap after GC invocations=68 (full 0):
 garbage-first heap   total 649216K, used 215214K [0x0000000700000000, 0x0000000800000000)
  region size 2048K, 10 young (20480K), 10 survivors (20480K)
 Metaspace       used 134078K, committed 135104K, reserved 1179648K
  class space    used 19486K, committed 19968K, reserved 1048576K
}
Event: 42.142 GC heap before
{Heap before GC invocations=68 (full 0):
 garbage-first heap   total 649216K, used 559278K [0x0000000700000000, 0x0000000800000000)
  region size 2048K, 179 young (366592K), 10 survivors (20480K)
 Metaspace       used 134470K, committed 135488K, reserved 1179648K
  class space    used 19499K, committed 19968K, reserved 1048576K
}
Event: 42.156 GC heap after
{Heap after GC invocations=69 (full 0):
 garbage-first heap   total 649216K, used 211352K [0x0000000700000000, 0x0000000800000000)
  region size 2048K, 8 young (16384K), 8 survivors (16384K)
 Metaspace       used 134470K, committed 135488K, reserved 1179648K
  class space    used 19499K, committed 19968K, reserved 1048576K
}
Event: 43.920 GC heap before
{Heap before GC invocations=69 (full 0):
 garbage-first heap   total 649216K, used 561560K [0x0000000700000000, 0x0000000800000000)
  region size 2048K, 180 young (368640K), 8 survivors (16384K)
 Metaspace       used 134844K, committed 135936K, reserved 1179648K
  class space    used 19530K, committed 20032K, reserved 1048576K
}
Event: 43.936 GC heap after
{Heap after GC invocations=70 (full 0):
 garbage-first heap   total 649216K, used 212291K [0x0000000700000000, 0x0000000800000000)
  region size 2048K, 9 young (18432K), 9 survivors (18432K)
 Metaspace       used 134844K, committed 135936K, reserved 1179648K
  class space    used 19530K, committed 20032K, reserved 1048576K
}
Event: 46.044 GC heap before
{Heap before GC invocations=70 (full 0):
 garbage-first heap   total 649216K, used 486723K [0x0000000700000000, 0x0000000800000000)
  region size 2048K, 123 young (251904K), 9 survivors (18432K)
 Metaspace       used 138477K, committed 139520K, reserved 1179648K
  class space    used 20006K, committed 20480K, reserved 1048576K
}
Event: 46.067 GC heap after
{Heap after GC invocations=71 (full 0):
 garbage-first heap   total 649216K, used 261761K [0x0000000700000000, 0x0000000800000000)
  region size 2048K, 12 young (24576K), 12 survivors (24576K)
 Metaspace       used 138477K, committed 139520K, reserved 1179648K
  class space    used 20006K, committed 20480K, reserved 1048576K
}
Event: 146.667 GC heap before
{Heap before GC invocations=71 (full 0):
 garbage-first heap   total 649216K, used 425601K [0x0000000700000000, 0x0000000800000000)
  region size 2048K, 74 young (151552K), 12 survivors (24576K)
 Metaspace       used 144966K, committed 146048K, reserved 1179648K
  class space    used 20650K, committed 21184K, reserved 1048576K
}
Event: 146.692 GC heap after
{Heap after GC invocations=72 (full 0):
 garbage-first heap   total 649216K, used 220268K [0x0000000700000000, 0x0000000800000000)
  region size 2048K, 12 young (24576K), 12 survivors (24576K)
 Metaspace       used 144966K, committed 146048K, reserved 1179648K
  class space    used 20650K, committed 21184K, reserved 1048576K
}
Event: 159.673 GC heap before
{Heap before GC invocations=73 (full 0):
 garbage-first heap   total 649216K, used 558188K [0x0000000700000000, 0x0000000800000000)
  region size 2048K, 176 young (360448K), 12 survivors (24576K)
 Metaspace       used 149693K, committed 150848K, reserved 1179648K
  class space    used 21268K, committed 21824K, reserved 1048576K
}
Event: 159.718 GC heap after
{Heap after GC invocations=74 (full 0):
 garbage-first heap   total 649216K, used 248022K [0x0000000700000000, 0x0000000800000000)
  region size 2048K, 22 young (45056K), 22 survivors (45056K)
 Metaspace       used 149693K, committed 150848K, reserved 1179648K
  class space    used 21268K, committed 21824K, reserved 1048576K
}
Event: 159.722 GC heap before
{Heap before GC invocations=74 (full 0):
 garbage-first heap   total 649216K, used 250070K [0x0000000700000000, 0x0000000800000000)
  region size 2048K, 23 young (47104K), 22 survivors (45056K)
 Metaspace       used 149697K, committed 150848K, reserved 1179648K
  class space    used 21268K, committed 21824K, reserved 1048576K
}
Event: 159.773 GC heap after
{Heap after GC invocations=75 (full 0):
 garbage-first heap   total 649216K, used 244072K [0x0000000700000000, 0x0000000800000000)
  region size 2048K, 2 young (4096K), 2 survivors (4096K)
 Metaspace       used 149697K, committed 150848K, reserved 1179648K
  class space    used 21268K, committed 21824K, reserved 1048576K
}
Event: 535.720 GC heap before
{Heap before GC invocations=75 (full 0):
 garbage-first heap   total 649216K, used 620904K [0x0000000700000000, 0x0000000800000000)
  region size 2048K, 146 young (299008K), 2 survivors (4096K)
 Metaspace       used 150483K, committed 151808K, reserved 1179648K
  class space    used 21300K, committed 21952K, reserved 1048576K
}

