# JRE version: OpenJDK Runtime Environment (21.0.6) (build 21.0.6+-13391695-b895.109)
# Java VM: OpenJDK 64-Bit Server VM (21.0.6+-13391695-b895.109, mixed mode, tiered, compressed oops, compressed class ptrs, g1 gc, windows-amd64)
GC Precious Log:
 CardTable entry size: 512
 Card Set container configuration: InlinePtr #cards 5 size 8 Array Of Cards #cards 12 size 40 Howl #buckets 4 coarsen threshold 1843 Howl Bitmap #cards 512 size 80 coarsen threshold 460 Card regions per heap region 1 cards per card region 2048
 CPUs: 12 total, 12 available
 Memory: 15693M
 Large Page Support: Disabled
 NUMA Support: Disabled
 Compressed Oops: Enabled (32-bit)
 Heap Region Size: 1M
 Heap Min Capacity: 8M
 Heap Initial Capacity: 246M
 Heap Max Capacity: 2G
 Pre-touch: Disabled
 Parallel Workers: 10
 Concurrent Workers: 3
 Concurrent Refinement Workers: 10
 Periodic GC: Disabled
Heap:
 garbage-first heap   total 286720K, used 231947K [0x0000000080000000, 0x0000000100000000)
  region size 1024K, 71 young (72704K), 10 survivors (10240K)
 Metaspace       used 134824K, committed 137216K, reserved 1179648K
  class space    used 17908K, committed 19136K, reserved 1048576K
GC Heap History (20 events):
Event: 13.240 GC heap before
{Heap before GC invocations=38 (full 0):
 garbage-first heap   total 237568K, used 197252K [0x0000000080000000, 0x0000000100000000)
  region size 1024K, 58 young (59392K), 4 survivors (4096K)
 Metaspace       used 98369K, committed 100544K, reserved 1179648K
  class space    used 13102K, committed 14208K, reserved 1048576K
}
Event: 13.245 GC heap after
{Heap after GC invocations=39 (full 0):
 garbage-first heap   total 237568K, used 146889K [0x0000000080000000, 0x0000000100000000)
  region size 1024K, 8 young (8192K), 8 survivors (8192K)
 Metaspace       used 98369K, committed 100544K, reserved 1179648K
  class space    used 13102K, committed 14208K, reserved 1048576K
}
Event: 13.921 GC heap before
{Heap before GC invocations=39 (full 0):
 garbage-first heap   total 237568K, used 205257K [0x0000000080000000, 0x0000000100000000)
  region size 1024K, 64 young (65536K), 8 survivors (8192K)
 Metaspace       used 102631K, committed 104832K, reserved 1179648K
  class space    used 13712K, committed 14848K, reserved 1048576K
}
Event: 13.926 GC heap after
{Heap after GC invocations=40 (full 0):
 garbage-first heap   total 237568K, used 148883K [0x0000000080000000, 0x0000000100000000)
  region size 1024K, 3 young (3072K), 3 survivors (3072K)
 Metaspace       used 102631K, committed 104832K, reserved 1179648K
  class space    used 13712K, committed 14848K, reserved 1048576K
}
Event: 14.869 GC heap before
{Heap before GC invocations=40 (full 0):
 garbage-first heap   total 237568K, used 212371K [0x0000000080000000, 0x0000000100000000)
  region size 1024K, 65 young (66560K), 3 survivors (3072K)
 Metaspace       used 107334K, committed 109632K, reserved 1179648K
  class space    used 14485K, committed 15680K, reserved 1048576K
}
Event: 14.873 GC heap after
{Heap after GC invocations=41 (full 0):
 garbage-first heap   total 237568K, used 150917K [0x0000000080000000, 0x0000000100000000)
  region size 1024K, 5 young (5120K), 5 survivors (5120K)
 Metaspace       used 107334K, committed 109632K, reserved 1179648K
  class space    used 14485K, committed 15680K, reserved 1048576K
}
Event: 15.893 GC heap before
{Heap before GC invocations=42 (full 0):
 garbage-first heap   total 252928K, used 223621K [0x0000000080000000, 0x0000000100000000)
  region size 1024K, 70 young (71680K), 5 survivors (5120K)
 Metaspace       used 113824K, committed 116160K, reserved 1179648K
  class space    used 15286K, committed 16448K, reserved 1048576K
}
Event: 15.899 GC heap after
{Heap after GC invocations=43 (full 0):
 garbage-first heap   total 252928K, used 158307K [0x0000000080000000, 0x0000000100000000)
  region size 1024K, 9 young (9216K), 9 survivors (9216K)
 Metaspace       used 113824K, committed 116160K, reserved 1179648K
  class space    used 15286K, committed 16448K, reserved 1048576K
}
Event: 16.631 GC heap before
{Heap before GC invocations=43 (full 0):
 garbage-first heap   total 252928K, used 228963K [0x0000000080000000, 0x0000000100000000)
  region size 1024K, 79 young (80896K), 9 survivors (9216K)
 Metaspace       used 116102K, committed 118464K, reserved 1179648K
  class space    used 15572K, committed 16768K, reserved 1048576K
}
Event: 16.639 GC heap after
{Heap after GC invocations=44 (full 0):
 garbage-first heap   total 252928K, used 161942K [0x0000000080000000, 0x0000000100000000)
  region size 1024K, 6 young (6144K), 6 survivors (6144K)
 Metaspace       used 116102K, committed 118464K, reserved 1179648K
  class space    used 15572K, committed 16768K, reserved 1048576K
}
Event: 17.237 GC heap before
{Heap before GC invocations=44 (full 0):
 garbage-first heap   total 252928K, used 232598K [0x0000000080000000, 0x0000000100000000)
  region size 1024K, 75 young (76800K), 6 survivors (6144K)
 Metaspace       used 116105K, committed 118464K, reserved 1179648K
  class space    used 15572K, committed 16768K, reserved 1048576K
}
Event: 17.242 GC heap after
{Heap after GC invocations=45 (full 0):
 garbage-first heap   total 252928K, used 163253K [0x0000000080000000, 0x0000000100000000)
  region size 1024K, 7 young (7168K), 7 survivors (7168K)
 Metaspace       used 116105K, committed 118464K, reserved 1179648K
  class space    used 15572K, committed 16768K, reserved 1048576K
}
Event: 17.825 GC heap before
{Heap before GC invocations=46 (full 0):
 garbage-first heap   total 273408K, used 230837K [0x0000000080000000, 0x0000000100000000)
  region size 1024K, 73 young (74752K), 7 survivors (7168K)
 Metaspace       used 116105K, committed 118464K, reserved 1179648K
  class space    used 15572K, committed 16768K, reserved 1048576K
}
Event: 17.830 GC heap after
{Heap after GC invocations=47 (full 0):
 garbage-first heap   total 273408K, used 165511K [0x0000000080000000, 0x0000000100000000)
  region size 1024K, 7 young (7168K), 7 survivors (7168K)
 Metaspace       used 116105K, committed 118464K, reserved 1179648K
  class space    used 15572K, committed 16768K, reserved 1048576K
}
Event: 18.669 GC heap before
{Heap before GC invocations=47 (full 0):
 garbage-first heap   total 273408K, used 250503K [0x0000000080000000, 0x0000000100000000)
  region size 1024K, 90 young (92160K), 7 survivors (7168K)
 Metaspace       used 116409K, committed 118720K, reserved 1179648K
  class space    used 15593K, committed 16768K, reserved 1048576K
}
Event: 18.675 GC heap after
{Heap after GC invocations=48 (full 0):
 garbage-first heap   total 273408K, used 167046K [0x0000000080000000, 0x0000000100000000)
  region size 1024K, 9 young (9216K), 9 survivors (9216K)
 Metaspace       used 116409K, committed 118720K, reserved 1179648K
  class space    used 15593K, committed 16768K, reserved 1048576K
}
Event: 18.777 GC heap before
{Heap before GC invocations=48 (full 0):
 garbage-first heap   total 273408K, used 176262K [0x0000000080000000, 0x0000000100000000)
  region size 1024K, 20 young (20480K), 9 survivors (9216K)
 Metaspace       used 117096K, committed 119488K, reserved 1179648K
  class space    used 15677K, committed 16896K, reserved 1048576K
}
Event: 18.782 GC heap after
{Heap after GC invocations=49 (full 0):
 garbage-first heap   total 273408K, used 168391K [0x0000000080000000, 0x0000000100000000)
  region size 1024K, 7 young (7168K), 7 survivors (7168K)
 Metaspace       used 117096K, committed 119488K, reserved 1179648K
  class space    used 15677K, committed 16896K, reserved 1048576K
}
Event: 19.866 GC heap before
{Heap before GC invocations=50 (full 0):
 garbage-first heap   total 286720K, used 251335K [0x0000000080000000, 0x0000000100000000)
  region size 1024K, 87 young (89088K), 7 survivors (7168K)
 Metaspace       used 125906K, committed 128320K, reserved 1179648K
  class space    used 16785K, committed 17984K, reserved 1048576K
}
Event: 19.873 GC heap after
{Heap after GC invocations=51 (full 0):
 garbage-first heap   total 286720K, used 171531K [0x0000000080000000, 0x0000000100000000)
  region size 1024K, 10 young (10240K), 10 survivors (10240K)
 Metaspace       used 125906K, committed 128320K, reserved 1179648K
  class space    used 16785K, committed 17984K, reserved 1048576K
}

