# JRE version: OpenJDK Runtime Environment (21.0.6) (build 21.0.6+-13391695-b895.109)
# Java VM: OpenJDK 64-Bit Server VM (21.0.6+-13391695-b895.109, mixed mode, tiered, compressed oops, compressed class ptrs, g1 gc, windows-amd64)
GC Precious Log:
 CardTable entry size: 512
 Card Set container configuration: InlinePtr #cards 5 size 8 Array Of Cards #cards 12 size 40 Howl #buckets 4 coarsen threshold 1843 Howl Bitmap #cards 512 size 80 coarsen threshold 460 Card regions per heap region 1 cards per card region 2048
 CPUs: 12 total, 12 available
 Memory: 15693M
 Large Page Support: Disabled
 NUMA Support: Disabled
 Compressed Oops: Enabled (32-bit)
 Heap Region Size: 1M
 Heap Min Capacity: 8M
 Heap Initial Capacity: 246M
 Heap Max Capacity: 2G
 Pre-touch: Disabled
 Parallel Workers: 10
 Concurrent Workers: 3
 Concurrent Refinement Workers: 10
 Periodic GC: Disabled
Heap:
 garbage-first heap   total 399360K, used 241917K [0x0000000080000000, 0x0000000100000000)
  region size 1024K, 17 young (17408K), 11 survivors (11264K)
 Metaspace       used 241306K, committed 243456K, reserved 1310720K
  class space    used 30015K, committed 31040K, reserved 1048576K
GC Heap History (20 events):
Event: 12917.746 GC heap before
{Heap before GC invocations=76 (full 2):
 garbage-first heap   total 283648K, used 274134K [0x0000000080000000, 0x0000000100000000)
  region size 1024K, 94 young (96256K), 6 survivors (6144K)
 Metaspace       used 184594K, committed 186176K, reserved 1245184K
  class space    used 23693K, committed 24448K, reserved 1048576K
}
Event: 12917.761 GC heap after
{Heap after GC invocations=77 (full 2):
 garbage-first heap   total 299008K, used 190801K [0x0000000080000000, 0x0000000100000000)
  region size 1024K, 12 young (12288K), 12 survivors (12288K)
 Metaspace       used 184594K, committed 186176K, reserved 1245184K
  class space    used 23693K, committed 24448K, reserved 1048576K
}
Event: 12918.585 GC heap before
{Heap before GC invocations=77 (full 2):
 garbage-first heap   total 299008K, used 268625K [0x0000000080000000, 0x0000000100000000)
  region size 1024K, 88 young (90112K), 12 survivors (12288K)
 Metaspace       used 194028K, committed 195968K, reserved 1245184K
  class space    used 24735K, committed 25664K, reserved 1048576K
}
Event: 12918.594 GC heap after
{Heap after GC invocations=78 (full 2):
 garbage-first heap   total 299008K, used 197364K [0x0000000080000000, 0x0000000100000000)
  region size 1024K, 6 young (6144K), 6 survivors (6144K)
 Metaspace       used 194028K, committed 195968K, reserved 1245184K
  class space    used 24735K, committed 25664K, reserved 1048576K
}
Event: 12919.445 GC heap before
{Heap before GC invocations=79 (full 2):
 garbage-first heap   total 329728K, used 274164K [0x0000000080000000, 0x0000000100000000)
  region size 1024K, 81 young (82944K), 6 survivors (6144K)
 Metaspace       used 202239K, committed 204224K, reserved 1245184K
  class space    used 25783K, committed 26752K, reserved 1048576K
}
Event: 12919.452 GC heap after
{Heap after GC invocations=80 (full 2):
 garbage-first heap   total 329728K, used 203558K [0x0000000080000000, 0x0000000100000000)
  region size 1024K, 11 young (11264K), 11 survivors (11264K)
 Metaspace       used 202239K, committed 204224K, reserved 1245184K
  class space    used 25783K, committed 26752K, reserved 1048576K
}
Event: 12920.444 GC heap before
{Heap before GC invocations=80 (full 2):
 garbage-first heap   total 329728K, used 298790K [0x0000000080000000, 0x0000000100000000)
  region size 1024K, 104 young (106496K), 11 survivors (11264K)
 Metaspace       used 209535K, committed 211456K, reserved 1245184K
  class space    used 26577K, committed 27520K, reserved 1048576K
}
Event: 12920.454 GC heap after
{Heap after GC invocations=81 (full 2):
 garbage-first heap   total 329728K, used 207749K [0x0000000080000000, 0x0000000100000000)
  region size 1024K, 12 young (12288K), 12 survivors (12288K)
 Metaspace       used 209535K, committed 211456K, reserved 1245184K
  class space    used 26577K, committed 27520K, reserved 1048576K
}
Event: 12921.598 GC heap before
{Heap before GC invocations=81 (full 2):
 garbage-first heap   total 329728K, used 297861K [0x0000000080000000, 0x0000000100000000)
  region size 1024K, 101 young (103424K), 12 survivors (12288K)
 Metaspace       used 223537K, committed 225600K, reserved 1310720K
  class space    used 27929K, committed 28928K, reserved 1048576K
}
Event: 12921.605 GC heap after
{Heap after GC invocations=82 (full 2):
 garbage-first heap   total 329728K, used 211131K [0x0000000080000000, 0x0000000100000000)
  region size 1024K, 10 young (10240K), 10 survivors (10240K)
 Metaspace       used 223537K, committed 225600K, reserved 1310720K
  class space    used 27929K, committed 28928K, reserved 1048576K
}
Event: 12922.078 GC heap before
{Heap before GC invocations=83 (full 2):
 garbage-first heap   total 353280K, used 300219K [0x0000000080000000, 0x0000000100000000)
  region size 1024K, 97 young (99328K), 10 survivors (10240K)
 Metaspace       used 223556K, committed 225600K, reserved 1310720K
  class space    used 27933K, committed 28928K, reserved 1048576K
}
Event: 12922.094 GC heap after
{Heap after GC invocations=84 (full 2):
 garbage-first heap   total 353280K, used 229741K [0x0000000080000000, 0x0000000100000000)
  region size 1024K, 13 young (13312K), 13 survivors (13312K)
 Metaspace       used 223556K, committed 225600K, reserved 1310720K
  class space    used 27933K, committed 28928K, reserved 1048576K
}
Event: 12922.730 GC heap before
{Heap before GC invocations=84 (full 2):
 garbage-first heap   total 353280K, used 320877K [0x0000000080000000, 0x0000000100000000)
  region size 1024K, 100 young (102400K), 13 survivors (13312K)
 Metaspace       used 224378K, committed 226432K, reserved 1310720K
  class space    used 27963K, committed 28928K, reserved 1048576K
}
Event: 12922.738 GC heap after
{Heap after GC invocations=85 (full 2):
 garbage-first heap   total 353280K, used 231549K [0x0000000080000000, 0x0000000100000000)
  region size 1024K, 3 young (3072K), 3 survivors (3072K)
 Metaspace       used 224378K, committed 226432K, reserved 1310720K
  class space    used 27963K, committed 28928K, reserved 1048576K
}
Event: 12923.642 GC heap before
{Heap before GC invocations=85 (full 2):
 garbage-first heap   total 353280K, used 303229K [0x0000000080000000, 0x0000000100000000)
  region size 1024K, 74 young (75776K), 3 survivors (3072K)
 Metaspace       used 231788K, committed 233856K, reserved 1310720K
  class space    used 28754K, committed 29760K, reserved 1048576K
}
Event: 12923.646 GC heap after
{Heap after GC invocations=86 (full 2):
 garbage-first heap   total 353280K, used 233192K [0x0000000080000000, 0x0000000100000000)
  region size 1024K, 5 young (5120K), 5 survivors (5120K)
 Metaspace       used 231788K, committed 233856K, reserved 1310720K
  class space    used 28754K, committed 29760K, reserved 1048576K
}
Event: 12924.957 GC heap before
{Heap before GC invocations=87 (full 2):
 garbage-first heap   total 399360K, used 328424K [0x0000000080000000, 0x0000000100000000)
  region size 1024K, 95 young (97280K), 5 survivors (5120K)
 Metaspace       used 238320K, committed 240448K, reserved 1310720K
  class space    used 29642K, committed 30656K, reserved 1048576K
}
Event: 12924.962 GC heap after
{Heap after GC invocations=88 (full 2):
 garbage-first heap   total 399360K, used 239019K [0x0000000080000000, 0x0000000100000000)
  region size 1024K, 10 young (10240K), 10 survivors (10240K)
 Metaspace       used 238320K, committed 240448K, reserved 1310720K
  class space    used 29642K, committed 30656K, reserved 1048576K
}
Event: 12925.944 GC heap before
{Heap before GC invocations=88 (full 2):
 garbage-first heap   total 399360K, used 356779K [0x0000000080000000, 0x0000000100000000)
  region size 1024K, 124 young (126976K), 10 survivors (10240K)
 Metaspace       used 241292K, committed 243456K, reserved 1310720K
  class space    used 30014K, committed 31040K, reserved 1048576K
}
Event: 12925.952 GC heap after
{Heap after GC invocations=89 (full 2):
 garbage-first heap   total 399360K, used 236797K [0x0000000080000000, 0x0000000100000000)
  region size 1024K, 11 young (11264K), 11 survivors (11264K)
 Metaspace       used 241292K, committed 243456K, reserved 1310720K
  class space    used 30014K, committed 31040K, reserved 1048576K
}

