# JRE version: OpenJDK Runtime Environment (21.0.7) (build 21.0.7+-13880790-b1038.58)
# Java VM: OpenJDK 64-Bit Server VM (21.0.7+-13880790-b1038.58, mixed mode, tiered, compressed oops, compressed class ptrs, g1 gc, windows-amd64)
GC Precious Log:
 CardTable entry size: 512
 Card Set container configuration: InlinePtr #cards 5 size 8 Array Of Cards #cards 12 size 40 Howl #buckets 4 coarsen threshold 1843 Howl Bitmap #cards 512 size 80 coarsen threshold 460 Card regions per heap region 1 cards per card region 2048
 CPUs: 12 total, 12 available
 Memory: 15693M
 Large Page Support: Disabled
 NUMA Support: Disabled
 Compressed Oops: Enabled (32-bit)
 Heap Region Size: 1M
 Heap Min Capacity: 8M
 Heap Initial Capacity: 246M
 Heap Max Capacity: 2G
 Pre-touch: Disabled
 Parallel Workers: 10
 Concurrent Workers: 3
 Concurrent Refinement Workers: 10
 Periodic GC: Disabled
Heap:
 garbage-first heap   total 297984K, used 276271K [0x0000000080000000, 0x0000000100000000)
  region size 1024K, 60 young (61440K), 7 survivors (7168K)
 Metaspace       used 125944K, committed 128256K, reserved 1179648K
  class space    used 17232K, committed 18368K, reserved 1048576K
GC Heap History (20 events):
Event: 14.188 GC heap before
{Heap before GC invocations=40 (full 0):
 garbage-first heap   total 177152K, used 159105K [0x0000000080000000, 0x0000000100000000)
  region size 1024K, 60 young (61440K), 6 survivors (6144K)
 Metaspace       used 112260K, committed 114560K, reserved 1179648K
  class space    used 15510K, committed 16640K, reserved 1048576K
}
Event: 14.193 GC heap after
{Heap after GC invocations=41 (full 0):
 garbage-first heap   total 177152K, used 106443K [0x0000000080000000, 0x0000000100000000)
  region size 1024K, 6 young (6144K), 6 survivors (6144K)
 Metaspace       used 112260K, committed 114560K, reserved 1179648K
  class space    used 15510K, committed 16640K, reserved 1048576K
}
Event: 14.806 GC heap before
{Heap before GC invocations=42 (full 0):
 garbage-first heap   total 179200K, used 159691K [0x0000000080000000, 0x0000000100000000)
  region size 1024K, 58 young (59392K), 6 survivors (6144K)
 Metaspace       used 116304K, committed 118592K, reserved 1179648K
  class space    used 16096K, committed 17216K, reserved 1048576K
}
Event: 14.813 GC heap after
{Heap after GC invocations=43 (full 0):
 garbage-first heap   total 179200K, used 109986K [0x0000000080000000, 0x0000000100000000)
  region size 1024K, 7 young (7168K), 7 survivors (7168K)
 Metaspace       used 116304K, committed 118592K, reserved 1179648K
  class space    used 16096K, committed 17216K, reserved 1048576K
}
Event: 15.172 GC heap before
{Heap before GC invocations=43 (full 0):
 garbage-first heap   total 179200K, used 160162K [0x0000000080000000, 0x0000000100000000)
  region size 1024K, 56 young (57344K), 7 survivors (7168K)
 Metaspace       used 117090K, committed 119360K, reserved 1179648K
  class space    used 16199K, committed 17344K, reserved 1048576K
}
Event: 15.180 GC heap after
{Heap after GC invocations=44 (full 0):
 garbage-first heap   total 179200K, used 115643K [0x0000000080000000, 0x0000000100000000)
  region size 1024K, 7 young (7168K), 7 survivors (7168K)
 Metaspace       used 117090K, committed 119360K, reserved 1179648K
  class space    used 16199K, committed 17344K, reserved 1048576K
}
Event: 15.466 GC heap before
{Heap before GC invocations=44 (full 0):
 garbage-first heap   total 179200K, used 146363K [0x0000000080000000, 0x0000000100000000)
  region size 1024K, 39 young (39936K), 7 survivors (7168K)
 Metaspace       used 118449K, committed 120704K, reserved 1179648K
  class space    used 16291K, committed 17472K, reserved 1048576K
}
Event: 15.473 GC heap after
{Heap after GC invocations=45 (full 0):
 garbage-first heap   total 179200K, used 123650K [0x0000000080000000, 0x0000000100000000)
  region size 1024K, 7 young (7168K), 7 survivors (7168K)
 Metaspace       used 118449K, committed 120704K, reserved 1179648K
  class space    used 16291K, committed 17472K, reserved 1048576K
}
Event: 16.005 GC heap before
{Heap before GC invocations=46 (full 0):
 garbage-first heap   total 215040K, used 165634K [0x0000000080000000, 0x0000000100000000)
  region size 1024K, 43 young (44032K), 7 survivors (7168K)
 Metaspace       used 121664K, committed 123968K, reserved 1179648K
  class space    used 16650K, committed 17792K, reserved 1048576K
}
Event: 16.012 GC heap after
{Heap after GC invocations=47 (full 0):
 garbage-first heap   total 215040K, used 128314K [0x0000000080000000, 0x0000000100000000)
  region size 1024K, 6 young (6144K), 6 survivors (6144K)
 Metaspace       used 121664K, committed 123968K, reserved 1179648K
  class space    used 16650K, committed 17792K, reserved 1048576K
}
Event: 16.302 GC heap before
{Heap before GC invocations=47 (full 0):
 garbage-first heap   total 215040K, used 190778K [0x0000000080000000, 0x0000000100000000)
  region size 1024K, 68 young (69632K), 6 survivors (6144K)
 Metaspace       used 121851K, committed 124160K, reserved 1179648K
  class space    used 16660K, committed 17792K, reserved 1048576K
}
Event: 16.309 GC heap after
{Heap after GC invocations=48 (full 0):
 garbage-first heap   total 215040K, used 132227K [0x0000000080000000, 0x0000000100000000)
  region size 1024K, 6 young (6144K), 6 survivors (6144K)
 Metaspace       used 121851K, committed 124160K, reserved 1179648K
  class space    used 16660K, committed 17792K, reserved 1048576K
}
Event: 16.601 GC heap before
{Heap before GC invocations=48 (full 0):
 garbage-first heap   total 215040K, used 191619K [0x0000000080000000, 0x0000000100000000)
  region size 1024K, 65 young (66560K), 6 survivors (6144K)
 Metaspace       used 122403K, committed 124672K, reserved 1179648K
  class space    used 16761K, committed 17920K, reserved 1048576K
}
Event: 16.606 GC heap after
{Heap after GC invocations=49 (full 0):
 garbage-first heap   total 215040K, used 135380K [0x0000000080000000, 0x0000000100000000)
  region size 1024K, 6 young (6144K), 6 survivors (6144K)
 Metaspace       used 122403K, committed 124672K, reserved 1179648K
  class space    used 16761K, committed 17920K, reserved 1048576K
}
Event: 16.822 GC heap before
{Heap before GC invocations=50 (full 0):
 garbage-first heap   total 227328K, used 193748K [0x0000000080000000, 0x0000000100000000)
  region size 1024K, 64 young (65536K), 6 survivors (6144K)
 Metaspace       used 122546K, committed 124864K, reserved 1179648K
  class space    used 16771K, committed 17920K, reserved 1048576K
}
Event: 16.827 GC heap after
{Heap after GC invocations=51 (full 0):
 garbage-first heap   total 227328K, used 138603K [0x0000000080000000, 0x0000000100000000)
  region size 1024K, 6 young (6144K), 6 survivors (6144K)
 Metaspace       used 122546K, committed 124864K, reserved 1179648K
  class space    used 16771K, committed 17920K, reserved 1048576K
}
Event: 17.094 GC heap before
{Heap before GC invocations=51 (full 0):
 garbage-first heap   total 227328K, used 205163K [0x0000000080000000, 0x0000000100000000)
  region size 1024K, 72 young (73728K), 6 survivors (6144K)
 Metaspace       used 122870K, committed 125248K, reserved 1179648K
  class space    used 16811K, committed 17984K, reserved 1048576K
}
Event: 17.099 GC heap after
{Heap after GC invocations=52 (full 0):
 garbage-first heap   total 227328K, used 137480K [0x0000000080000000, 0x0000000100000000)
  region size 1024K, 6 young (6144K), 6 survivors (6144K)
 Metaspace       used 122870K, committed 125248K, reserved 1179648K
  class space    used 16811K, committed 17984K, reserved 1048576K
}
Event: 17.223 GC heap before
{Heap before GC invocations=52 (full 0):
 garbage-first heap   total 227328K, used 206088K [0x0000000080000000, 0x0000000100000000)
  region size 1024K, 73 young (74752K), 6 survivors (6144K)
 Metaspace       used 122913K, committed 125248K, reserved 1179648K
  class space    used 16816K, committed 17984K, reserved 1048576K
}
Event: 17.228 GC heap after
{Heap after GC invocations=53 (full 0):
 garbage-first heap   total 273408K, used 139063K [0x0000000080000000, 0x0000000100000000)
  region size 1024K, 7 young (7168K), 7 survivors (7168K)
 Metaspace       used 122913K, committed 125248K, reserved 1179648K
  class space    used 16816K, committed 17984K, reserved 1048576K
}

