# JRE version: OpenJDK Runtime Environment JBR-17.0.14+1-1367.22-jcef (17.0.14+1) (build 17.0.14+1-b1367.22)
# Java VM: OpenJDK 64-Bit Server VM JBR-17.0.14+1-1367.22-jcef (17.0.14+1-b1367.22, mixed mode, sharing, tiered, compressed oops, compressed class ptrs, g1 gc, windows-amd64)
GC Precious Log:
 CPUs: 12 total, 12 available
 Memory: 15693M
 Large Page Support: Disabled
 NUMA Support: Disabled
 Compressed Oops: Enabled (Zero based)
 Heap Region Size: 2M
 Heap Min Capacity: 8M
 Heap Initial Capacity: 246M
 Heap Max Capacity: 4G
 Pre-touch: Disabled
 Parallel Workers: 10
 Concurrent Workers: 3
 Concurrent Refinement Workers: 10
 Periodic GC: Disabled
Heap:
 garbage-first heap   total 737280K, used 259383K [0x0000000700000000, 0x0000000800000000)
  region size 2048K, 10 young (20480K), 10 survivors (20480K)
 Metaspace       used 180951K, committed 182912K, reserved 1245184K
  class space    used 25011K, committed 25920K, reserved 1048576K
GC Heap History (20 events):
Event: 383.531 GC heap after
{Heap after GC invocations=80 (full 0):
 garbage-first heap   total 737280K, used 288364K [0x0000000700000000, 0x0000000800000000)
  region size 2048K, 3 young (6144K), 3 survivors (6144K)
 Metaspace       used 160743K, committed 162048K, reserved 1245184K
  class space    used 22577K, committed 23232K, reserved 1048576K
}
Event: 383.592 GC heap before
{Heap before GC invocations=80 (full 0):
 garbage-first heap   total 737280K, used 300652K [0x0000000700000000, 0x0000000800000000)
  region size 2048K, 10 young (20480K), 3 survivors (6144K)
 Metaspace       used 160811K, committed 162112K, reserved 1245184K
  class space    used 22580K, committed 23232K, reserved 1048576K
}
Event: 383.595 GC heap after
{Heap after GC invocations=81 (full 0):
 garbage-first heap   total 737280K, used 285995K [0x0000000700000000, 0x0000000800000000)
  region size 2048K, 2 young (4096K), 2 survivors (4096K)
 Metaspace       used 160811K, committed 162112K, reserved 1245184K
  class space    used 22580K, committed 23232K, reserved 1048576K
}
Event: 385.737 GC heap before
{Heap before GC invocations=82 (full 0):
 garbage-first heap   total 737280K, used 582955K [0x0000000700000000, 0x0000000800000000)
  region size 2048K, 147 young (301056K), 2 survivors (4096K)
 Metaspace       used 173726K, committed 174976K, reserved 1245184K
  class space    used 24017K, committed 24640K, reserved 1048576K
}
Event: 385.754 GC heap after
{Heap after GC invocations=83 (full 0):
 garbage-first heap   total 737280K, used 304377K [0x0000000700000000, 0x0000000800000000)
  region size 2048K, 11 young (22528K), 11 survivors (22528K)
 Metaspace       used 173726K, committed 174976K, reserved 1245184K
  class space    used 24017K, committed 24640K, reserved 1048576K
}
Event: 385.788 GC heap before
{Heap before GC invocations=83 (full 0):
 garbage-first heap   total 737280K, used 318713K [0x0000000700000000, 0x0000000800000000)
  region size 2048K, 18 young (36864K), 11 survivors (22528K)
 Metaspace       used 173732K, committed 174976K, reserved 1245184K
  class space    used 24017K, committed 24640K, reserved 1048576K
}
Event: 385.803 GC heap after
{Heap after GC invocations=84 (full 0):
 garbage-first heap   total 737280K, used 263956K [0x0000000700000000, 0x0000000800000000)
  region size 2048K, 2 young (4096K), 2 survivors (4096K)
 Metaspace       used 173732K, committed 174976K, reserved 1245184K
  class space    used 24017K, committed 24640K, reserved 1048576K
}
Event: 388.496 GC heap before
{Heap before GC invocations=84 (full 0):
 garbage-first heap   total 737280K, used 579348K [0x0000000700000000, 0x0000000800000000)
  region size 2048K, 157 young (321536K), 2 survivors (4096K)
 Metaspace       used 174403K, committed 175680K, reserved 1245184K
  class space    used 24058K, committed 24704K, reserved 1048576K
}
Event: 388.502 GC heap after
{Heap after GC invocations=85 (full 0):
 garbage-first heap   total 737280K, used 267443K [0x0000000700000000, 0x0000000800000000)
  region size 2048K, 4 young (8192K), 4 survivors (8192K)
 Metaspace       used 174403K, committed 175680K, reserved 1245184K
  class space    used 24058K, committed 24704K, reserved 1048576K
}
Event: 391.422 GC heap before
{Heap before GC invocations=86 (full 0):
 garbage-first heap   total 737280K, used 611069K [0x0000000700000000, 0x0000000800000000)
  region size 2048K, 163 young (333824K), 4 survivors (8192K)
 Metaspace       used 188420K, committed 189696K, reserved 1245184K
  class space    used 25796K, committed 26432K, reserved 1048576K
}
Event: 391.441 GC heap after
{Heap after GC invocations=87 (full 0):
 garbage-first heap   total 737280K, used 312252K [0x0000000700000000, 0x0000000800000000)
  region size 2048K, 21 young (43008K), 21 survivors (43008K)
 Metaspace       used 188420K, committed 189696K, reserved 1245184K
  class space    used 25796K, committed 26432K, reserved 1048576K
}
Event: 391.458 GC heap before
{Heap before GC invocations=87 (full 0):
 garbage-first heap   total 737280K, used 314300K [0x0000000700000000, 0x0000000800000000)
  region size 2048K, 22 young (45056K), 21 survivors (43008K)
 Metaspace       used 188505K, committed 189760K, reserved 1245184K
  class space    used 25810K, committed 26432K, reserved 1048576K
}
Event: 391.478 GC heap after
{Heap after GC invocations=88 (full 0):
 garbage-first heap   total 737280K, used 291606K [0x0000000700000000, 0x0000000800000000)
  region size 2048K, 3 young (6144K), 3 survivors (6144K)
 Metaspace       used 188505K, committed 189760K, reserved 1245184K
  class space    used 25810K, committed 26432K, reserved 1048576K
}
Event: 392.559 GC heap before
{Heap before GC invocations=88 (full 0):
 garbage-first heap   total 737280K, used 406294K [0x0000000700000000, 0x0000000800000000)
  region size 2048K, 60 young (122880K), 3 survivors (6144K)
 Metaspace       used 193112K, committed 194496K, reserved 1245184K
  class space    used 26452K, committed 27136K, reserved 1048576K
}
Event: 392.565 GC heap after
{Heap after GC invocations=89 (full 0):
 garbage-first heap   total 737280K, used 294464K [0x0000000700000000, 0x0000000800000000)
  region size 2048K, 4 young (8192K), 4 survivors (8192K)
 Metaspace       used 193112K, committed 194496K, reserved 1245184K
  class space    used 26452K, committed 27136K, reserved 1048576K
}
Event: 755.126 GC heap before
{Heap before GC invocations=90 (full 0):
 garbage-first heap   total 737280K, used 669248K [0x0000000700000000, 0x0000000800000000)
  region size 2048K, 147 young (301056K), 4 survivors (8192K)
 Metaspace       used 180436K, committed 182912K, reserved 1245184K
  class space    used 24991K, committed 25920K, reserved 1048576K
}
Event: 755.132 GC heap after
{Heap after GC invocations=91 (full 0):
 garbage-first heap   total 737280K, used 290381K [0x0000000700000000, 0x0000000800000000)
  region size 2048K, 4 young (8192K), 4 survivors (8192K)
 Metaspace       used 180436K, committed 182912K, reserved 1245184K
  class space    used 24991K, committed 25920K, reserved 1048576K
}
Event: 755.283 GC heap before
{Heap before GC invocations=91 (full 0):
 garbage-first heap   total 737280K, used 317005K [0x0000000700000000, 0x0000000800000000)
  region size 2048K, 18 young (36864K), 4 survivors (8192K)
 Metaspace       used 180539K, committed 182912K, reserved 1245184K
  class space    used 24995K, committed 25920K, reserved 1048576K
}
Event: 755.301 GC heap after
{Heap after GC invocations=92 (full 0):
 garbage-first heap   total 737280K, used 244878K [0x0000000700000000, 0x0000000800000000)
  region size 2048K, 3 young (6144K), 3 survivors (6144K)
 Metaspace       used 180539K, committed 182912K, reserved 1245184K
  class space    used 24995K, committed 25920K, reserved 1048576K
}
Event: 757.562 GC heap before
{Heap before GC invocations=92 (full 0):
 garbage-first heap   total 737280K, used 414862K [0x0000000700000000, 0x0000000800000000)
  region size 2048K, 88 young (180224K), 3 survivors (6144K)
 Metaspace       used 180951K, committed 182912K, reserved 1245184K
  class space    used 25011K, committed 25920K, reserved 1048576K
}

