# JRE version: OpenJDK Runtime Environment JBR-17.0.14+1-1367.22-jcef (17.0.14+1) (build 17.0.14+1-b1367.22)
# Java VM: OpenJDK 64-Bit Server VM JBR-17.0.14+1-1367.22-jcef (17.0.14+1-b1367.22, mixed mode, sharing, tiered, compressed oops, compressed class ptrs, g1 gc, windows-amd64)
GC Precious Log:
 CPUs: 12 total, 12 available
 Memory: 15693M
 Large Page Support: Disabled
 NUMA Support: Disabled
 Compressed Oops: Enabled (Zero based)
 Heap Region Size: 2M
 Heap Min Capacity: 8M
 Heap Initial Capacity: 246M
 Heap Max Capacity: 4G
 Pre-touch: Disabled
 Parallel Workers: 10
 Concurrent Workers: 3
 Concurrent Refinement Workers: 10
 Periodic GC: Disabled
Heap:
 garbage-first heap   total 653312K, used 267781K [0x0000000700000000, 0x0000000800000000)
  region size 2048K, 4 young (8192K), 4 survivors (8192K)
 Metaspace       used 161226K, committed 164032K, reserved 1245184K
  class space    used 21985K, committed 23104K, reserved 1048576K
GC Heap History (20 events):
Event: 1171.204 GC heap after
{Heap after GC invocations=66 (full 0):
 garbage-first heap   total 649216K, used 271340K [0x0000000700000000, 0x0000000800000000)
  region size 2048K, 1 young (2048K), 1 survivors (2048K)
 Metaspace       used 170067K, committed 171392K, reserved 1245184K
  class space    used 23107K, committed 23744K, reserved 1048576K
}
Event: 1173.143 GC heap before
{Heap before GC invocations=66 (full 0):
 garbage-first heap   total 649216K, used 519148K [0x0000000700000000, 0x0000000800000000)
  region size 2048K, 122 young (249856K), 1 survivors (2048K)
 Metaspace       used 172295K, committed 173632K, reserved 1245184K
  class space    used 23361K, committed 24000K, reserved 1048576K
}
Event: 1173.158 GC heap after
{Heap after GC invocations=67 (full 0):
 garbage-first heap   total 649216K, used 277457K [0x0000000700000000, 0x0000000800000000)
  region size 2048K, 4 young (8192K), 4 survivors (8192K)
 Metaspace       used 172295K, committed 173632K, reserved 1245184K
  class space    used 23361K, committed 24000K, reserved 1048576K
}
Event: 1180.573 GC heap before
{Heap before GC invocations=67 (full 0):
 garbage-first heap   total 649216K, used 510929K [0x0000000700000000, 0x0000000800000000)
  region size 2048K, 120 young (245760K), 4 survivors (8192K)
 Metaspace       used 172523K, committed 173824K, reserved 1245184K
  class space    used 23378K, committed 24000K, reserved 1048576K
}
Event: 1180.585 GC heap after
{Heap after GC invocations=68 (full 0):
 garbage-first heap   total 649216K, used 281064K [0x0000000700000000, 0x0000000800000000)
  region size 2048K, 6 young (12288K), 6 survivors (12288K)
 Metaspace       used 172523K, committed 173824K, reserved 1245184K
  class space    used 23378K, committed 24000K, reserved 1048576K
}
Event: 1183.960 GC heap before
{Heap before GC invocations=69 (full 0):
 garbage-first heap   total 649216K, used 535016K [0x0000000700000000, 0x0000000800000000)
  region size 2048K, 129 young (264192K), 6 survivors (12288K)
 Metaspace       used 172824K, committed 174144K, reserved 1245184K
  class space    used 23383K, committed 24000K, reserved 1048576K
}
Event: 1183.984 GC heap after
{Heap after GC invocations=70 (full 0):
 garbage-first heap   total 649216K, used 309283K [0x0000000700000000, 0x0000000800000000)
  region size 2048K, 17 young (34816K), 17 survivors (34816K)
 Metaspace       used 172824K, committed 174144K, reserved 1245184K
  class space    used 23383K, committed 24000K, reserved 1048576K
}
Event: 1183.987 GC heap before
{Heap before GC invocations=70 (full 0):
 garbage-first heap   total 649216K, used 311331K [0x0000000700000000, 0x0000000800000000)
  region size 2048K, 18 young (36864K), 17 survivors (34816K)
 Metaspace       used 172824K, committed 174144K, reserved 1245184K
  class space    used 23383K, committed 24000K, reserved 1048576K
}
Event: 1184.031 GC heap after
{Heap after GC invocations=71 (full 0):
 garbage-first heap   total 649216K, used 279962K [0x0000000700000000, 0x0000000800000000)
  region size 2048K, 3 young (6144K), 3 survivors (6144K)
 Metaspace       used 172824K, committed 174144K, reserved 1245184K
  class space    used 23383K, committed 24000K, reserved 1048576K
}
Event: 1184.532 GC heap before
{Heap before GC invocations=71 (full 0):
 garbage-first heap   total 649216K, used 525722K [0x0000000700000000, 0x0000000800000000)
  region size 2048K, 123 young (251904K), 3 survivors (6144K)
 Metaspace       used 172964K, committed 174336K, reserved 1245184K
  class space    used 23401K, committed 24064K, reserved 1048576K
}
Event: 1184.543 GC heap after
{Heap after GC invocations=72 (full 0):
 garbage-first heap   total 649216K, used 286835K [0x0000000700000000, 0x0000000800000000)
  region size 2048K, 6 young (12288K), 6 survivors (12288K)
 Metaspace       used 172964K, committed 174336K, reserved 1245184K
  class space    used 23401K, committed 24064K, reserved 1048576K
}
Event: 1185.048 GC heap before
{Heap before GC invocations=72 (full 0):
 garbage-first heap   total 649216K, used 530547K [0x0000000700000000, 0x0000000800000000)
  region size 2048K, 125 young (256000K), 6 survivors (12288K)
 Metaspace       used 173121K, committed 174464K, reserved 1245184K
  class space    used 23404K, committed 24064K, reserved 1048576K
}
Event: 1185.056 GC heap after
{Heap after GC invocations=73 (full 0):
 garbage-first heap   total 649216K, used 285276K [0x0000000700000000, 0x0000000800000000)
  region size 2048K, 5 young (10240K), 5 survivors (10240K)
 Metaspace       used 173121K, committed 174464K, reserved 1245184K
  class space    used 23404K, committed 24064K, reserved 1048576K
}
Event: 1185.583 GC heap before
{Heap before GC invocations=73 (full 0):
 garbage-first heap   total 649216K, used 535132K [0x0000000700000000, 0x0000000800000000)
  region size 2048K, 128 young (262144K), 5 survivors (10240K)
 Metaspace       used 173255K, committed 174656K, reserved 1245184K
  class space    used 23406K, committed 24064K, reserved 1048576K
}
Event: 1185.593 GC heap after
{Heap after GC invocations=74 (full 0):
 garbage-first heap   total 649216K, used 287987K [0x0000000700000000, 0x0000000800000000)
  region size 2048K, 7 young (14336K), 7 survivors (14336K)
 Metaspace       used 173255K, committed 174656K, reserved 1245184K
  class space    used 23406K, committed 24064K, reserved 1048576K
}
Event: 1186.192 GC heap before
{Heap before GC invocations=75 (full 0):
 garbage-first heap   total 653312K, used 541939K [0x0000000700000000, 0x0000000800000000)
  region size 2048K, 131 young (268288K), 7 survivors (14336K)
 Metaspace       used 161071K, committed 164032K, reserved 1245184K
  class space    used 21980K, committed 23104K, reserved 1048576K
}
Event: 1186.205 GC heap after
{Heap after GC invocations=76 (full 0):
 garbage-first heap   total 653312K, used 290322K [0x0000000700000000, 0x0000000800000000)
  region size 2048K, 8 young (16384K), 8 survivors (16384K)
 Metaspace       used 161071K, committed 164032K, reserved 1245184K
  class space    used 21980K, committed 23104K, reserved 1048576K
}
Event: 1186.228 GC heap before
{Heap before GC invocations=76 (full 0):
 garbage-first heap   total 653312K, used 302610K [0x0000000700000000, 0x0000000800000000)
  region size 2048K, 15 young (30720K), 8 survivors (16384K)
 Metaspace       used 161071K, committed 164032K, reserved 1245184K
  class space    used 21980K, committed 23104K, reserved 1048576K
}
Event: 1186.246 GC heap after
{Heap after GC invocations=77 (full 0):
 garbage-first heap   total 653312K, used 263710K [0x0000000700000000, 0x0000000800000000)
  region size 2048K, 2 young (4096K), 2 survivors (4096K)
 Metaspace       used 161071K, committed 164032K, reserved 1245184K
  class space    used 21980K, committed 23104K, reserved 1048576K
}
Event: 1186.681 GC heap before
{Heap before GC invocations=77 (full 0):
 garbage-first heap   total 653312K, used 540190K [0x0000000700000000, 0x0000000800000000)
  region size 2048K, 138 young (282624K), 2 survivors (4096K)
 Metaspace       used 161226K, committed 164032K, reserved 1245184K
  class space    used 21985K, committed 23104K, reserved 1048576K
}

