# JRE version: OpenJDK Runtime Environment JBR-17.0.14+1-1367.22-jcef (17.0.14+1) (build 17.0.14+1-b1367.22)
# Java VM: OpenJDK 64-Bit Server VM JBR-17.0.14+1-1367.22-jcef (17.0.14+1-b1367.22, mixed mode, sharing, tiered, compressed oops, compressed class ptrs, g1 gc, windows-amd64)
GC Precious Log:
 CPUs: 12 total, 12 available
 Memory: 15693M
 Large Page Support: Disabled
 NUMA Support: Disabled
 Compressed Oops: Enabled (Zero based)
 Heap Region Size: 2M
 Heap Min Capacity: 8M
 Heap Initial Capacity: 246M
 Heap Max Capacity: 4G
 Pre-touch: Disabled
 Parallel Workers: 10
 Concurrent Workers: 3
 Concurrent Refinement Workers: 10
 Periodic GC: Disabled
Heap:
 garbage-first heap   total 690176K, used 398812K [0x0000000700000000, 0x0000000800000000)
  region size 2048K, 2 young (4096K), 2 survivors (4096K)
 Metaspace       used 147137K, committed 148544K, reserved 1179648K
  class space    used 19834K, committed 20544K, reserved 1048576K
GC Heap History (20 events):
Event: 44.645 GC heap after
{Heap after GC invocations=59 (full 0):
 garbage-first heap   total 509952K, used 272748K [0x0000000700000000, 0x0000000800000000)
  region size 2048K, 2 young (4096K), 2 survivors (4096K)
 Metaspace       used 139660K, committed 140992K, reserved 1179648K
  class space    used 18679K, committed 19328K, reserved 1048576K
}
Event: 44.735 GC heap before
{Heap before GC invocations=59 (full 0):
 garbage-first heap   total 509952K, used 444780K [0x0000000700000000, 0x0000000800000000)
  region size 2048K, 86 young (176128K), 2 survivors (4096K)
 Metaspace       used 139661K, committed 140992K, reserved 1179648K
  class space    used 18680K, committed 19328K, reserved 1048576K
}
Event: 44.737 GC heap after
{Heap after GC invocations=60 (full 0):
 garbage-first heap   total 509952K, used 273734K [0x0000000700000000, 0x0000000800000000)
  region size 2048K, 3 young (6144K), 3 survivors (6144K)
 Metaspace       used 139661K, committed 140992K, reserved 1179648K
  class space    used 18680K, committed 19328K, reserved 1048576K
}
Event: 45.258 GC heap before
{Heap before GC invocations=60 (full 0):
 garbage-first heap   total 509952K, used 445766K [0x0000000700000000, 0x0000000800000000)
  region size 2048K, 87 young (178176K), 3 survivors (6144K)
 Metaspace       used 140767K, committed 142080K, reserved 1179648K
  class space    used 18857K, committed 19520K, reserved 1048576K
}
Event: 45.264 GC heap after
{Heap after GC invocations=61 (full 0):
 garbage-first heap   total 509952K, used 274373K [0x0000000700000000, 0x0000000800000000)
  region size 2048K, 4 young (8192K), 4 survivors (8192K)
 Metaspace       used 140767K, committed 142080K, reserved 1179648K
  class space    used 18857K, committed 19520K, reserved 1048576K
}
Event: 45.757 GC heap before
{Heap before GC invocations=61 (full 0):
 garbage-first heap   total 509952K, used 446405K [0x0000000700000000, 0x0000000800000000)
  region size 2048K, 88 young (180224K), 4 survivors (8192K)
 Metaspace       used 142632K, committed 144064K, reserved 1179648K
  class space    used 19135K, committed 19840K, reserved 1048576K
}
Event: 45.767 GC heap after
{Heap after GC invocations=62 (full 0):
 garbage-first heap   total 509952K, used 295522K [0x0000000700000000, 0x0000000800000000)
  region size 2048K, 11 young (22528K), 11 survivors (22528K)
 Metaspace       used 142632K, committed 144064K, reserved 1179648K
  class space    used 19135K, committed 19840K, reserved 1048576K
}
Event: 46.019 GC heap before
{Heap before GC invocations=62 (full 0):
 garbage-first heap   total 509952K, used 428642K [0x0000000700000000, 0x0000000800000000)
  region size 2048K, 77 young (157696K), 11 survivors (22528K)
 Metaspace       used 143723K, committed 145088K, reserved 1179648K
  class space    used 19286K, committed 19968K, reserved 1048576K
}
Event: 46.032 GC heap after
{Heap after GC invocations=63 (full 0):
 garbage-first heap   total 612352K, used 328138K [0x0000000700000000, 0x0000000800000000)
  region size 2048K, 10 young (20480K), 10 survivors (20480K)
 Metaspace       used 143723K, committed 145088K, reserved 1179648K
  class space    used 19286K, committed 19968K, reserved 1048576K
}
Event: 46.133 GC heap before
{Heap before GC invocations=63 (full 0):
 garbage-first heap   total 612352K, used 371146K [0x0000000700000000, 0x0000000800000000)
  region size 2048K, 32 young (65536K), 10 survivors (20480K)
 Metaspace       used 144239K, committed 145600K, reserved 1179648K
  class space    used 19349K, committed 20032K, reserved 1048576K
}
Event: 46.140 GC heap after
{Heap after GC invocations=64 (full 0):
 garbage-first heap   total 612352K, used 342549K [0x0000000700000000, 0x0000000800000000)
  region size 2048K, 7 young (14336K), 7 survivors (14336K)
 Metaspace       used 144239K, committed 145600K, reserved 1179648K
  class space    used 19349K, committed 20032K, reserved 1048576K
}
Event: 46.482 GC heap before
{Heap before GC invocations=65 (full 0):
 garbage-first heap   total 632832K, used 473621K [0x0000000700000000, 0x0000000800000000)
  region size 2048K, 76 young (155648K), 7 survivors (14336K)
 Metaspace       used 145247K, committed 146624K, reserved 1179648K
  class space    used 19589K, committed 20288K, reserved 1048576K
}
Event: 46.491 GC heap after
{Heap after GC invocations=66 (full 0):
 garbage-first heap   total 632832K, used 369353K [0x0000000700000000, 0x0000000800000000)
  region size 2048K, 10 young (20480K), 10 survivors (20480K)
 Metaspace       used 145247K, committed 146624K, reserved 1179648K
  class space    used 19589K, committed 20288K, reserved 1048576K
}
Event: 46.516 GC heap before
{Heap before GC invocations=66 (full 0):
 garbage-first heap   total 632832K, used 377545K [0x0000000700000000, 0x0000000800000000)
  region size 2048K, 15 young (30720K), 10 survivors (20480K)
 Metaspace       used 145396K, committed 146752K, reserved 1179648K
  class space    used 19603K, committed 20288K, reserved 1048576K
}
Event: 46.525 GC heap after
{Heap after GC invocations=67 (full 0):
 garbage-first heap   total 632832K, used 337920K [0x0000000700000000, 0x0000000800000000)
  region size 2048K, 2 young (4096K), 2 survivors (4096K)
 Metaspace       used 145396K, committed 146752K, reserved 1179648K
  class space    used 19603K, committed 20288K, reserved 1048576K
}
Event: 46.914 GC heap before
{Heap before GC invocations=67 (full 0):
 garbage-first heap   total 632832K, used 491520K [0x0000000700000000, 0x0000000800000000)
  region size 2048K, 77 young (157696K), 2 survivors (4096K)
 Metaspace       used 146100K, committed 147456K, reserved 1179648K
  class space    used 19670K, committed 20352K, reserved 1048576K
}
Event: 46.936 GC heap after
{Heap after GC invocations=68 (full 0):
 garbage-first heap   total 632832K, used 370242K [0x0000000700000000, 0x0000000800000000)
  region size 2048K, 10 young (20480K), 10 survivors (20480K)
 Metaspace       used 146100K, committed 147456K, reserved 1179648K
  class space    used 19670K, committed 20352K, reserved 1048576K
}
Event: 47.266 GC heap before
{Heap before GC invocations=69 (full 0):
 garbage-first heap   total 690176K, used 497218K [0x0000000700000000, 0x0000000800000000)
  region size 2048K, 72 young (147456K), 10 survivors (20480K)
 Metaspace       used 147055K, committed 148480K, reserved 1179648K
  class space    used 19817K, committed 20544K, reserved 1048576K
}
Event: 47.293 GC heap after
{Heap after GC invocations=70 (full 0):
 garbage-first heap   total 690176K, used 397312K [0x0000000700000000, 0x0000000800000000)
  region size 2048K, 9 young (18432K), 9 survivors (18432K)
 Metaspace       used 147055K, committed 148480K, reserved 1179648K
  class space    used 19817K, committed 20544K, reserved 1048576K
}
Event: 47.323 GC heap before
{Heap before GC invocations=70 (full 0):
 garbage-first heap   total 690176K, used 411648K [0x0000000700000000, 0x0000000800000000)
  region size 2048K, 16 young (32768K), 9 survivors (18432K)
 Metaspace       used 147137K, committed 148544K, reserved 1179648K
  class space    used 19834K, committed 20544K, reserved 1048576K
}

