# JRE version: OpenJDK Runtime Environment (21.0.7) (build 21.0.7+-13880790-b1038.58)
# Java VM: OpenJDK 64-Bit Server VM (21.0.7+-13880790-b1038.58, mixed mode, tiered, compressed oops, compressed class ptrs, g1 gc, windows-amd64)
GC Precious Log:
 CardTable entry size: 512
 Card Set container configuration: InlinePtr #cards 5 size 8 Array Of Cards #cards 12 size 40 Howl #buckets 4 coarsen threshold 1843 Howl Bitmap #cards 512 size 80 coarsen threshold 460 Card regions per heap region 1 cards per card region 2048
 CPUs: 12 total, 12 available
 Memory: 15693M
 Large Page Support: Disabled
 NUMA Support: Disabled
 Compressed Oops: Enabled (32-bit)
 Heap Region Size: 1M
 Heap Min Capacity: 8M
 Heap Initial Capacity: 246M
 Heap Max Capacity: 2G
 Pre-touch: Disabled
 Parallel Workers: 10
 Concurrent Workers: 3
 Concurrent Refinement Workers: 10
 Periodic GC: Disabled
Heap:
 garbage-first heap   total 193536K, used 151548K [0x0000000080000000, 0x0000000100000000)
  region size 1024K, 55 young (56320K), 8 survivors (8192K)
 Metaspace       used 78872K, committed 80704K, reserved 1179648K
  class space    used 10972K, committed 11904K, reserved 1048576K
GC Heap History (20 events):
Event: 27.526 GC heap before
{Heap before GC invocations=15 (full 0):
 garbage-first heap   total 104448K, used 80359K [0x0000000080000000, 0x0000000100000000)
  region size 1024K, 19 young (19456K), 4 survivors (4096K)
 Metaspace       used 47200K, committed 48192K, reserved 1114112K
  class space    used 6368K, committed 6848K, reserved 1048576K
}
Event: 27.532 GC heap after
{Heap after GC invocations=16 (full 0):
 garbage-first heap   total 104448K, used 68652K [0x0000000080000000, 0x0000000100000000)
  region size 1024K, 3 young (3072K), 3 survivors (3072K)
 Metaspace       used 47200K, committed 48192K, reserved 1114112K
  class space    used 6368K, committed 6848K, reserved 1048576K
}
Event: 28.314 GC heap before
{Heap before GC invocations=17 (full 0):
 garbage-first heap   total 124928K, used 98348K [0x0000000080000000, 0x0000000100000000)
  region size 1024K, 27 young (27648K), 3 survivors (3072K)
 Metaspace       used 50740K, committed 51904K, reserved 1114112K
  class space    used 6818K, committed 7360K, reserved 1048576K
}
Event: 28.318 GC heap after
{Heap after GC invocations=18 (full 0):
 garbage-first heap   total 152576K, used 70101K [0x0000000080000000, 0x0000000100000000)
  region size 1024K, 2 young (2048K), 2 survivors (2048K)
 Metaspace       used 50740K, committed 51904K, reserved 1114112K
  class space    used 6818K, committed 7360K, reserved 1048576K
}
Event: 29.668 GC heap before
{Heap before GC invocations=18 (full 0):
 garbage-first heap   total 152576K, used 137685K [0x0000000080000000, 0x0000000100000000)
  region size 1024K, 67 young (68608K), 2 survivors (2048K)
 Metaspace       used 58502K, committed 60032K, reserved 1114112K
  class space    used 8128K, committed 8896K, reserved 1048576K
}
Event: 29.674 GC heap after
{Heap after GC invocations=19 (full 0):
 garbage-first heap   total 152576K, used 76602K [0x0000000080000000, 0x0000000100000000)
  region size 1024K, 7 young (7168K), 7 survivors (7168K)
 Metaspace       used 58502K, committed 60032K, reserved 1114112K
  class space    used 8128K, committed 8896K, reserved 1048576K
}
Event: 30.265 GC heap before
{Heap before GC invocations=19 (full 0):
 garbage-first heap   total 152576K, used 135994K [0x0000000080000000, 0x0000000100000000)
  region size 1024K, 65 young (66560K), 7 survivors (7168K)
 Metaspace       used 60738K, committed 62208K, reserved 1114112K
  class space    used 8487K, committed 9216K, reserved 1048576K
}
Event: 30.272 GC heap after
{Heap after GC invocations=20 (full 0):
 garbage-first heap   total 152576K, used 80278K [0x0000000080000000, 0x0000000100000000)
  region size 1024K, 9 young (9216K), 9 survivors (9216K)
 Metaspace       used 60738K, committed 62208K, reserved 1114112K
  class space    used 8487K, committed 9216K, reserved 1048576K
}
Event: 30.474 GC heap before
{Heap before GC invocations=21 (full 0):
 garbage-first heap   total 152576K, used 133526K [0x0000000080000000, 0x0000000100000000)
  region size 1024K, 61 young (62464K), 9 survivors (9216K)
 Metaspace       used 60755K, committed 62208K, reserved 1114112K
  class space    used 8489K, committed 9216K, reserved 1048576K
}
Event: 30.479 GC heap after
{Heap after GC invocations=22 (full 0):
 garbage-first heap   total 152576K, used 80948K [0x0000000080000000, 0x0000000100000000)
  region size 1024K, 5 young (5120K), 5 survivors (5120K)
 Metaspace       used 60755K, committed 62208K, reserved 1114112K
  class space    used 8489K, committed 9216K, reserved 1048576K
}
Event: 31.079 GC heap before
{Heap before GC invocations=22 (full 0):
 garbage-first heap   total 152576K, used 138292K [0x0000000080000000, 0x0000000100000000)
  region size 1024K, 61 young (62464K), 5 survivors (5120K)
 Metaspace       used 63804K, committed 65344K, reserved 1114112K
  class space    used 8871K, committed 9600K, reserved 1048576K
}
Event: 31.085 GC heap after
{Heap after GC invocations=23 (full 0):
 garbage-first heap   total 152576K, used 83240K [0x0000000080000000, 0x0000000100000000)
  region size 1024K, 8 young (8192K), 8 survivors (8192K)
 Metaspace       used 63804K, committed 65344K, reserved 1114112K
  class space    used 8871K, committed 9600K, reserved 1048576K
}
Event: 31.176 GC heap before
{Heap before GC invocations=23 (full 0):
 garbage-first heap   total 152576K, used 91432K [0x0000000080000000, 0x0000000100000000)
  region size 1024K, 17 young (17408K), 8 survivors (8192K)
 Metaspace       used 63895K, committed 65408K, reserved 1114112K
  class space    used 8871K, committed 9600K, reserved 1048576K
}
Event: 31.181 GC heap after
{Heap after GC invocations=24 (full 0):
 garbage-first heap   total 152576K, used 86316K [0x0000000080000000, 0x0000000100000000)
  region size 1024K, 7 young (7168K), 7 survivors (7168K)
 Metaspace       used 63895K, committed 65408K, reserved 1114112K
  class space    used 8871K, committed 9600K, reserved 1048576K
}
Event: 31.308 GC heap before
{Heap before GC invocations=25 (full 0):
 garbage-first heap   total 157696K, used 142636K [0x0000000080000000, 0x0000000100000000)
  region size 1024K, 55 young (56320K), 7 survivors (7168K)
 Metaspace       used 63995K, committed 65472K, reserved 1114112K
  class space    used 8874K, committed 9600K, reserved 1048576K
}
Event: 31.312 GC heap after
{Heap after GC invocations=26 (full 0):
 garbage-first heap   total 157696K, used 94309K [0x0000000080000000, 0x0000000100000000)
  region size 1024K, 4 young (4096K), 4 survivors (4096K)
 Metaspace       used 63995K, committed 65472K, reserved 1114112K
  class space    used 8874K, committed 9600K, reserved 1048576K
}
Event: 31.939 GC heap before
{Heap before GC invocations=26 (full 0):
 garbage-first heap   total 157696K, used 151653K [0x0000000080000000, 0x0000000100000000)
  region size 1024K, 52 young (53248K), 4 survivors (4096K)
 Metaspace       used 67044K, committed 68608K, reserved 1114112K
  class space    used 9156K, committed 9920K, reserved 1048576K
}
Event: 31.943 GC heap after
{Heap after GC invocations=27 (full 0):
 garbage-first heap   total 193536K, used 102381K [0x0000000080000000, 0x0000000100000000)
  region size 1024K, 6 young (6144K), 6 survivors (6144K)
 Metaspace       used 67044K, committed 68608K, reserved 1114112K
  class space    used 9156K, committed 9920K, reserved 1048576K
}
Event: 32.992 GC heap before
{Heap before GC invocations=27 (full 0):
 garbage-first heap   total 193536K, used 172013K [0x0000000080000000, 0x0000000100000000)
  region size 1024K, 74 young (75776K), 6 survivors (6144K)
 Metaspace       used 74353K, committed 76032K, reserved 1114112K
  class space    used 10231K, committed 11008K, reserved 1048576K
}
Event: 32.997 GC heap after
{Heap after GC invocations=28 (full 0):
 garbage-first heap   total 193536K, used 104444K [0x0000000080000000, 0x0000000100000000)
  region size 1024K, 8 young (8192K), 8 survivors (8192K)
 Metaspace       used 74353K, committed 76032K, reserved 1114112K
  class space    used 10231K, committed 11008K, reserved 1048576K
}

