# JRE version: OpenJDK Runtime Environment (21.0.7) (build 21.0.7+-13880790-b1038.58)
# Java VM: OpenJDK 64-Bit Server VM (21.0.7+-13880790-b1038.58, mixed mode, tiered, compressed oops, compressed class ptrs, g1 gc, windows-amd64)
GC Precious Log:
 CardTable entry size: 512
 Card Set container configuration: InlinePtr #cards 5 size 8 Array Of Cards #cards 12 size 40 Howl #buckets 4 coarsen threshold 1843 Howl Bitmap #cards 512 size 80 coarsen threshold 460 Card regions per heap region 1 cards per card region 2048
 CPUs: 12 total, 12 available
 Memory: 15693M
 Large Page Support: Disabled
 NUMA Support: Disabled
 Compressed Oops: Enabled (32-bit)
 Heap Region Size: 1M
 Heap Min Capacity: 8M
 Heap Initial Capacity: 246M
 Heap Max Capacity: 2G
 Pre-touch: Disabled
 Parallel Workers: 10
 Concurrent Workers: 3
 Concurrent Refinement Workers: 10
 Periodic GC: Disabled
Heap:
 garbage-first heap   total 393216K, used 311061K [0x0000000080000000, 0x0000000100000000)
  region size 1024K, 135 young (138240K), 15 survivors (15360K)
 Metaspace       used 162154K, committed 164672K, reserved 1245184K
  class space    used 21738K, committed 22976K, reserved 1048576K
GC Heap History (20 events):
Event: 896.497 GC heap before
{Heap before GC invocations=77 (full 0):
 garbage-first heap   total 300032K, used 297358K [0x0000000080000000, 0x0000000100000000)
  region size 1024K, 76 young (77824K), 3 survivors (3072K)
 Metaspace       used 160202K, committed 162688K, reserved 1245184K
  class space    used 21712K, committed 22976K, reserved 1048576K
}
Event: 896.508 GC heap after
{Heap after GC invocations=78 (full 0):
 garbage-first heap   total 306176K, used 177141K [0x0000000080000000, 0x0000000100000000)
  region size 1024K, 2 young (2048K), 2 survivors (2048K)
 Metaspace       used 160202K, committed 162688K, reserved 1245184K
  class space    used 21712K, committed 22976K, reserved 1048576K
}
Event: 897.972 GC heap before
{Heap before GC invocations=78 (full 0):
 garbage-first heap   total 306176K, used 285685K [0x0000000080000000, 0x0000000100000000)
  region size 1024K, 109 young (111616K), 2 survivors (2048K)
 Metaspace       used 160505K, committed 162944K, reserved 1245184K
  class space    used 21719K, committed 22976K, reserved 1048576K
}
Event: 897.987 GC heap after
{Heap after GC invocations=79 (full 0):
 garbage-first heap   total 306176K, used 190926K [0x0000000080000000, 0x0000000100000000)
  region size 1024K, 14 young (14336K), 14 survivors (14336K)
 Metaspace       used 160505K, committed 162944K, reserved 1245184K
  class space    used 21719K, committed 22976K, reserved 1048576K
}
Event: 901.121 GC heap before
{Heap before GC invocations=80 (full 0):
 garbage-first heap   total 311296K, used 268750K [0x0000000080000000, 0x0000000100000000)
  region size 1024K, 96 young (98304K), 14 survivors (14336K)
 Metaspace       used 160602K, committed 163072K, reserved 1245184K
  class space    used 21720K, committed 22976K, reserved 1048576K
}
Event: 901.136 GC heap after
{Heap after GC invocations=81 (full 0):
 garbage-first heap   total 311296K, used 193703K [0x0000000080000000, 0x0000000100000000)
  region size 1024K, 8 young (8192K), 8 survivors (8192K)
 Metaspace       used 160602K, committed 163072K, reserved 1245184K
  class space    used 21720K, committed 22976K, reserved 1048576K
}
Event: 901.364 GC heap before
{Heap before GC invocations=81 (full 0):
 garbage-first heap   total 311296K, used 284839K [0x0000000080000000, 0x0000000100000000)
  region size 1024K, 98 young (100352K), 8 survivors (8192K)
 Metaspace       used 160628K, committed 163136K, reserved 1245184K
  class space    used 21723K, committed 22976K, reserved 1048576K
}
Event: 901.369 GC heap after
{Heap after GC invocations=82 (full 0):
 garbage-first heap   total 311296K, used 176667K [0x0000000080000000, 0x0000000100000000)
  region size 1024K, 4 young (4096K), 4 survivors (4096K)
 Metaspace       used 160628K, committed 163136K, reserved 1245184K
  class space    used 21723K, committed 22976K, reserved 1048576K
}
Event: 901.760 GC heap before
{Heap before GC invocations=82 (full 0):
 garbage-first heap   total 311296K, used 226843K [0x0000000080000000, 0x0000000100000000)
  region size 1024K, 55 young (56320K), 4 survivors (4096K)
 Metaspace       used 160754K, committed 163200K, reserved 1245184K
  class space    used 21723K, committed 22976K, reserved 1048576K
}
Event: 901.766 GC heap after
{Heap after GC invocations=83 (full 0):
 garbage-first heap   total 311296K, used 178703K [0x0000000080000000, 0x0000000100000000)
  region size 1024K, 6 young (6144K), 6 survivors (6144K)
 Metaspace       used 160754K, committed 163200K, reserved 1245184K
  class space    used 21723K, committed 22976K, reserved 1048576K
}
Event: 1049.108 GC heap before
{Heap before GC invocations=84 (full 0):
 garbage-first heap   total 368640K, used 327183K [0x0000000080000000, 0x0000000100000000)
  region size 1024K, 111 young (113664K), 6 survivors (6144K)
 Metaspace       used 161064K, committed 163584K, reserved 1245184K
  class space    used 21730K, committed 22976K, reserved 1048576K
}
Event: 1049.121 GC heap after
{Heap after GC invocations=85 (full 0):
 garbage-first heap   total 368640K, used 182795K [0x0000000080000000, 0x0000000100000000)
  region size 1024K, 11 young (11264K), 11 survivors (11264K)
 Metaspace       used 161064K, committed 163584K, reserved 1245184K
  class space    used 21730K, committed 22976K, reserved 1048576K
}
Event: 1684.103 GC heap before
{Heap before GC invocations=85 (full 0):
 garbage-first heap   total 368640K, used 334347K [0x0000000080000000, 0x0000000100000000)
  region size 1024K, 160 young (163840K), 11 survivors (11264K)
 Metaspace       used 161328K, committed 163776K, reserved 1245184K
  class space    used 21732K, committed 22976K, reserved 1048576K
}
Event: 1684.113 GC heap after
{Heap after GC invocations=86 (full 0):
 garbage-first heap   total 368640K, used 178699K [0x0000000080000000, 0x0000000100000000)
  region size 1024K, 9 young (9216K), 9 survivors (9216K)
 Metaspace       used 161328K, committed 163776K, reserved 1245184K
  class space    used 21732K, committed 22976K, reserved 1048576K
}
Event: 1689.114 GC heap before
{Heap before GC invocations=86 (full 0):
 garbage-first heap   total 368640K, used 339467K [0x0000000080000000, 0x0000000100000000)
  region size 1024K, 167 young (171008K), 9 survivors (9216K)
 Metaspace       used 161746K, committed 164288K, reserved 1245184K
  class space    used 21734K, committed 22976K, reserved 1048576K
}
Event: 1689.131 GC heap after
{Heap after GC invocations=87 (full 0):
 garbage-first heap   total 368640K, used 177998K [0x0000000080000000, 0x0000000100000000)
  region size 1024K, 19 young (19456K), 19 survivors (19456K)
 Metaspace       used 161746K, committed 164288K, reserved 1245184K
  class space    used 21734K, committed 22976K, reserved 1048576K
}
Event: 1689.466 GC heap before
{Heap before GC invocations=87 (full 0):
 garbage-first heap   total 368640K, used 206670K [0x0000000080000000, 0x0000000100000000)
  region size 1024K, 48 young (49152K), 19 survivors (19456K)
 Metaspace       used 161763K, committed 164288K, reserved 1245184K
  class space    used 21734K, committed 22976K, reserved 1048576K
}
Event: 1689.484 GC heap after
{Heap after GC invocations=88 (full 0):
 garbage-first heap   total 368640K, used 181473K [0x0000000080000000, 0x0000000100000000)
  region size 1024K, 15 young (15360K), 15 survivors (15360K)
 Metaspace       used 161763K, committed 164288K, reserved 1245184K
  class space    used 21734K, committed 22976K, reserved 1048576K
}
Event: 2043.210 GC heap before
{Heap before GC invocations=89 (full 0):
 garbage-first heap   total 368640K, used 366817K [0x0000000080000000, 0x0000000100000000)
  region size 1024K, 156 young (159744K), 15 survivors (15360K)
 Metaspace       used 162015K, committed 164480K, reserved 1245184K
  class space    used 21737K, committed 22976K, reserved 1048576K
}
Event: 2043.234 GC heap after
{Heap after GC invocations=90 (full 0):
 garbage-first heap   total 393216K, used 190229K [0x0000000080000000, 0x0000000100000000)
  region size 1024K, 15 young (15360K), 15 survivors (15360K)
 Metaspace       used 162015K, committed 164480K, reserved 1245184K
  class space    used 21737K, committed 22976K, reserved 1048576K
}

