# JRE version: OpenJDK Runtime Environment JBR-17.0.14+1-1367.22-jcef (17.0.14+1) (build 17.0.14+1-b1367.22)
# Java VM: OpenJDK 64-Bit Server VM JBR-17.0.14+1-1367.22-jcef (17.0.14+1-b1367.22, mixed mode, sharing, tiered, compressed oops, compressed class ptrs, g1 gc, windows-amd64)
GC Precious Log:
 CPUs: 12 total, 12 available
 Memory: 15693M
 Large Page Support: Disabled
 NUMA Support: Disabled
 Compressed Oops: Enabled (Zero based)
 Heap Region Size: 4M
 Heap Min Capacity: 8M
 Heap Initial Capacity: 248M
 Heap Max Capacity: 6G
 Pre-touch: Disabled
 Parallel Workers: 10
 Concurrent Workers: 3
 Concurrent Refinement Workers: 10
 Periodic GC: Disabled
Heap:
 garbage-first heap   total 634880K, used 413052K [0x0000000680000000, 0x0000000800000000)
  region size 4096K, 5 young (20480K), 5 survivors (20480K)
 Metaspace       used 143485K, committed 144896K, reserved 1179648K
  class space    used 19682K, committed 20352K, reserved 1048576K
GC Heap History (20 events):
Event: 27.750 GC heap after
{Heap after GC invocations=54 (full 0):
 garbage-first heap   total 364544K, used 219219K [0x0000000680000000, 0x0000000800000000)
  region size 4096K, 4 young (16384K), 4 survivors (16384K)
 Metaspace       used 132456K, committed 133824K, reserved 1179648K
  class space    used 18035K, committed 18688K, reserved 1048576K
}
Event: 28.359 GC heap before
{Heap before GC invocations=55 (full 0):
 garbage-first heap   total 389120K, used 297043K [0x0000000680000000, 0x0000000800000000)
  region size 4096K, 23 young (94208K), 4 survivors (16384K)
 Metaspace       used 133263K, committed 134592K, reserved 1179648K
  class space    used 18161K, committed 18816K, reserved 1048576K
}
Event: 28.373 GC heap after
{Heap after GC invocations=56 (full 0):
 garbage-first heap   total 389120K, used 232468K [0x0000000680000000, 0x0000000800000000)
  region size 4096K, 3 young (12288K), 3 survivors (12288K)
 Metaspace       used 133263K, committed 134592K, reserved 1179648K
  class space    used 18161K, committed 18816K, reserved 1048576K
}
Event: 28.436 GC heap before
{Heap before GC invocations=56 (full 0):
 garbage-first heap   total 389120K, used 236564K [0x0000000680000000, 0x0000000800000000)
  region size 4096K, 4 young (16384K), 3 survivors (12288K)
 Metaspace       used 133265K, committed 134592K, reserved 1179648K
  class space    used 18161K, committed 18816K, reserved 1048576K
}
Event: 28.446 GC heap after
{Heap after GC invocations=57 (full 0):
 garbage-first heap   total 389120K, used 232447K [0x0000000680000000, 0x0000000800000000)
  region size 4096K, 1 young (4096K), 1 survivors (4096K)
 Metaspace       used 133265K, committed 134592K, reserved 1179648K
  class space    used 18161K, committed 18816K, reserved 1048576K
}
Event: 28.854 GC heap before
{Heap before GC invocations=57 (full 0):
 garbage-first heap   total 389120K, used 310271K [0x0000000680000000, 0x0000000800000000)
  region size 4096K, 21 young (86016K), 1 survivors (4096K)
 Metaspace       used 133783K, committed 135168K, reserved 1179648K
  class space    used 18269K, committed 18944K, reserved 1048576K
}
Event: 28.859 GC heap after
{Heap after GC invocations=58 (full 0):
 garbage-first heap   total 389120K, used 236779K [0x0000000680000000, 0x0000000800000000)
  region size 4096K, 2 young (8192K), 2 survivors (8192K)
 Metaspace       used 133783K, committed 135168K, reserved 1179648K
  class space    used 18269K, committed 18944K, reserved 1048576K
}
Event: 29.471 GC heap before
{Heap before GC invocations=59 (full 0):
 garbage-first heap   total 430080K, used 310507K [0x0000000680000000, 0x0000000800000000)
  region size 4096K, 21 young (86016K), 2 survivors (8192K)
 Metaspace       used 133949K, committed 135296K, reserved 1179648K
  class space    used 18286K, committed 18944K, reserved 1048576K
}
Event: 29.479 GC heap after
{Heap after GC invocations=60 (full 0):
 garbage-first heap   total 430080K, used 240222K [0x0000000680000000, 0x0000000800000000)
  region size 4096K, 3 young (12288K), 3 survivors (12288K)
 Metaspace       used 133949K, committed 135296K, reserved 1179648K
  class space    used 18286K, committed 18944K, reserved 1048576K
}
Event: 29.497 GC heap before
{Heap before GC invocations=60 (full 0):
 garbage-first heap   total 430080K, used 244318K [0x0000000680000000, 0x0000000800000000)
  region size 4096K, 5 young (20480K), 3 survivors (12288K)
 Metaspace       used 133949K, committed 135296K, reserved 1179648K
  class space    used 18286K, committed 18944K, reserved 1048576K
}
Event: 29.508 GC heap after
{Heap after GC invocations=61 (full 0):
 garbage-first heap   total 634880K, used 225178K [0x0000000680000000, 0x0000000800000000)
  region size 4096K, 1 young (4096K), 1 survivors (4096K)
 Metaspace       used 133949K, committed 135296K, reserved 1179648K
  class space    used 18286K, committed 18944K, reserved 1048576K
}
Event: 30.804 GC heap before
{Heap before GC invocations=61 (full 0):
 garbage-first heap   total 634880K, used 491418K [0x0000000680000000, 0x0000000800000000)
  region size 4096K, 67 young (274432K), 1 survivors (4096K)
 Metaspace       used 137100K, committed 138496K, reserved 1179648K
  class space    used 18767K, committed 19456K, reserved 1048576K
}
Event: 30.814 GC heap after
{Heap after GC invocations=62 (full 0):
 garbage-first heap   total 634880K, used 256200K [0x0000000680000000, 0x0000000800000000)
  region size 4096K, 9 young (36864K), 9 survivors (36864K)
 Metaspace       used 137100K, committed 138496K, reserved 1179648K
  class space    used 18767K, committed 19456K, reserved 1048576K
}
Event: 31.359 GC heap before
{Heap before GC invocations=62 (full 0):
 garbage-first heap   total 634880K, used 493768K [0x0000000680000000, 0x0000000800000000)
  region size 4096K, 68 young (278528K), 9 survivors (36864K)
 Metaspace       used 139598K, committed 140992K, reserved 1179648K
  class space    used 19119K, committed 19776K, reserved 1048576K
}
Event: 31.377 GC heap after
{Heap after GC invocations=63 (full 0):
 garbage-first heap   total 634880K, used 313982K [0x0000000680000000, 0x0000000800000000)
  region size 4096K, 9 young (36864K), 9 survivors (36864K)
 Metaspace       used 139598K, committed 140992K, reserved 1179648K
  class space    used 19119K, committed 19776K, reserved 1048576K
}
Event: 31.752 GC heap before
{Heap before GC invocations=63 (full 0):
 garbage-first heap   total 634880K, used 486014K [0x0000000680000000, 0x0000000800000000)
  region size 4096K, 51 young (208896K), 9 survivors (36864K)
 Metaspace       used 141068K, committed 142464K, reserved 1179648K
  class space    used 19303K, committed 19968K, reserved 1048576K
}
Event: 31.775 GC heap after
{Heap after GC invocations=64 (full 0):
 garbage-first heap   total 634880K, used 353289K [0x0000000680000000, 0x0000000800000000)
  region size 4096K, 7 young (28672K), 7 survivors (28672K)
 Metaspace       used 141068K, committed 142464K, reserved 1179648K
  class space    used 19303K, committed 19968K, reserved 1048576K
}
Event: 32.018 GC heap before
{Heap before GC invocations=64 (full 0):
 garbage-first heap   total 634880K, used 492553K [0x0000000680000000, 0x0000000800000000)
  region size 4096K, 41 young (167936K), 7 survivors (28672K)
 Metaspace       used 141735K, committed 143104K, reserved 1179648K
  class space    used 19394K, committed 20032K, reserved 1048576K
}
Event: 32.050 GC heap after
{Heap after GC invocations=65 (full 0):
 garbage-first heap   total 634880K, used 386570K [0x0000000680000000, 0x0000000800000000)
  region size 4096K, 6 young (24576K), 6 survivors (24576K)
 Metaspace       used 141735K, committed 143104K, reserved 1179648K
  class space    used 19394K, committed 20032K, reserved 1048576K
}
Event: 32.452 GC heap before
{Heap before GC invocations=65 (full 0):
 garbage-first heap   total 634880K, used 505354K [0x0000000680000000, 0x0000000800000000)
  region size 4096K, 35 young (143360K), 6 survivors (24576K)
 Metaspace       used 143485K, committed 144896K, reserved 1179648K
  class space    used 19682K, committed 20352K, reserved 1048576K
}

