# JRE version: OpenJDK Runtime Environment (21.0.6) (build 21.0.6+-13391695-b895.109)
# Java VM: OpenJDK 64-Bit Server VM (21.0.6+-13391695-b895.109, mixed mode, tiered, compressed oops, compressed class ptrs, g1 gc, windows-amd64)
GC Precious Log:
 CardTable entry size: 512
 Card Set container configuration: InlinePtr #cards 5 size 8 Array Of Cards #cards 12 size 40 Howl #buckets 4 coarsen threshold 1843 Howl Bitmap #cards 512 size 80 coarsen threshold 460 Card regions per heap region 1 cards per card region 2048
 CPUs: 12 total, 12 available
 Memory: 15693M
 Large Page Support: Disabled
 NUMA Support: Disabled
 Compressed Oops: Enabled (32-bit)
 Heap Region Size: 1M
 Heap Min Capacity: 8M
 Heap Initial Capacity: 246M
 Heap Max Capacity: 2G
 Pre-touch: Disabled
 Parallel Workers: 10
 Concurrent Workers: 3
 Concurrent Refinement Workers: 10
 Periodic GC: Disabled
Heap:
 garbage-first heap   total 336896K, used 303763K [0x0000000080000000, 0x0000000100000000)
  region size 1024K, 90 young (92160K), 10 survivors (10240K)
 Metaspace       used 164799K, committed 167488K, reserved 1245184K
  class space    used 20874K, committed 22208K, reserved 1048576K
GC Heap History (20 events):
Event: 11.757 GC heap before
{Heap before GC invocations=38 (full 0):
 garbage-first heap   total 230400K, used 211968K [0x0000000080000000, 0x0000000100000000)
  region size 1024K, 59 young (60416K), 5 survivors (5120K)
 Metaspace       used 97408K, committed 99392K, reserved 1179648K
  class space    used 13282K, committed 14272K, reserved 1048576K
}
Event: 11.763 GC heap after
{Heap after GC invocations=39 (full 0):
 garbage-first heap   total 284672K, used 160446K [0x0000000080000000, 0x0000000100000000)
  region size 1024K, 8 young (8192K), 8 survivors (8192K)
 Metaspace       used 97408K, committed 99392K, reserved 1179648K
  class space    used 13282K, committed 14272K, reserved 1048576K
}
Event: 12.737 GC heap before
{Heap before GC invocations=39 (full 0):
 garbage-first heap   total 284672K, used 243390K [0x0000000080000000, 0x0000000100000000)
  region size 1024K, 89 young (91136K), 8 survivors (8192K)
 Metaspace       used 107647K, committed 109952K, reserved 1179648K
  class space    used 14454K, committed 15680K, reserved 1048576K
}
Event: 12.743 GC heap after
{Heap after GC invocations=40 (full 0):
 garbage-first heap   total 284672K, used 166534K [0x0000000080000000, 0x0000000100000000)
  region size 1024K, 10 young (10240K), 10 survivors (10240K)
 Metaspace       used 107647K, committed 109952K, reserved 1179648K
  class space    used 14454K, committed 15680K, reserved 1048576K
}
Event: 13.470 GC heap before
{Heap before GC invocations=41 (full 0):
 garbage-first heap   total 284672K, used 251526K [0x0000000080000000, 0x0000000100000000)
  region size 1024K, 92 young (94208K), 10 survivors (10240K)
 Metaspace       used 113274K, committed 115584K, reserved 1179648K
  class space    used 15138K, committed 16320K, reserved 1048576K
}
Event: 13.477 GC heap after
{Heap after GC invocations=42 (full 0):
 garbage-first heap   total 284672K, used 172000K [0x0000000080000000, 0x0000000100000000)
  region size 1024K, 11 young (11264K), 11 survivors (11264K)
 Metaspace       used 113274K, committed 115584K, reserved 1179648K
  class space    used 15138K, committed 16320K, reserved 1048576K
}
Event: 14.630 GC heap before
{Heap before GC invocations=42 (full 0):
 garbage-first heap   total 284672K, used 254944K [0x0000000080000000, 0x0000000100000000)
  region size 1024K, 93 young (95232K), 11 survivors (11264K)
 Metaspace       used 123533K, committed 125888K, reserved 1179648K
  class space    used 16318K, committed 17536K, reserved 1048576K
}
Event: 14.638 GC heap after
{Heap after GC invocations=43 (full 0):
 garbage-first heap   total 284672K, used 175332K [0x0000000080000000, 0x0000000100000000)
  region size 1024K, 11 young (11264K), 11 survivors (11264K)
 Metaspace       used 123533K, committed 125888K, reserved 1179648K
  class space    used 16318K, committed 17536K, reserved 1048576K
}
Event: 15.631 GC heap before
{Heap before GC invocations=43 (full 0):
 garbage-first heap   total 284672K, used 248036K [0x0000000080000000, 0x0000000100000000)
  region size 1024K, 83 young (84992K), 11 survivors (11264K)
 Metaspace       used 134907K, committed 137280K, reserved 1179648K
  class space    used 17363K, committed 18560K, reserved 1048576K
}
Event: 15.638 GC heap after
{Heap after GC invocations=44 (full 0):
 garbage-first heap   total 284672K, used 177825K [0x0000000080000000, 0x0000000100000000)
  region size 1024K, 8 young (8192K), 8 survivors (8192K)
 Metaspace       used 134907K, committed 137280K, reserved 1179648K
  class space    used 17363K, committed 18560K, reserved 1048576K
}
Event: 16.636 GC heap before
{Heap before GC invocations=45 (full 0):
 garbage-first heap   total 304128K, used 264865K [0x0000000080000000, 0x0000000100000000)
  region size 1024K, 87 young (89088K), 8 survivors (8192K)
 Metaspace       used 141778K, committed 144128K, reserved 1179648K
  class space    used 18104K, committed 19264K, reserved 1048576K
}
Event: 16.642 GC heap after
{Heap after GC invocations=46 (full 0):
 garbage-first heap   total 304128K, used 190964K [0x0000000080000000, 0x0000000100000000)
  region size 1024K, 10 young (10240K), 10 survivors (10240K)
 Metaspace       used 141778K, committed 144128K, reserved 1179648K
  class space    used 18104K, committed 19264K, reserved 1048576K
}
Event: 17.523 GC heap before
{Heap before GC invocations=46 (full 0):
 garbage-first heap   total 304128K, used 281076K [0x0000000080000000, 0x0000000100000000)
  region size 1024K, 93 young (95232K), 10 survivors (10240K)
 Metaspace       used 148933K, committed 151424K, reserved 1245184K
  class space    used 19071K, committed 20352K, reserved 1048576K
}
Event: 17.531 GC heap after
{Heap after GC invocations=47 (full 0):
 garbage-first heap   total 304128K, used 197103K [0x0000000080000000, 0x0000000100000000)
  region size 1024K, 12 young (12288K), 12 survivors (12288K)
 Metaspace       used 148933K, committed 151424K, reserved 1245184K
  class space    used 19071K, committed 20352K, reserved 1048576K
}
Event: 18.310 GC heap before
{Heap before GC invocations=47 (full 0):
 garbage-first heap   total 304128K, used 274927K [0x0000000080000000, 0x0000000100000000)
  region size 1024K, 88 young (90112K), 12 survivors (12288K)
 Metaspace       used 155778K, committed 158336K, reserved 1245184K
  class space    used 19939K, committed 21248K, reserved 1048576K
}
Event: 18.317 GC heap after
{Heap after GC invocations=48 (full 0):
 garbage-first heap   total 304128K, used 201619K [0x0000000080000000, 0x0000000100000000)
  region size 1024K, 4 young (4096K), 4 survivors (4096K)
 Metaspace       used 155778K, committed 158336K, reserved 1245184K
  class space    used 19939K, committed 21248K, reserved 1048576K
}
Event: 19.038 GC heap before
{Heap before GC invocations=49 (full 0):
 garbage-first heap   total 336896K, used 285587K [0x0000000080000000, 0x0000000100000000)
  region size 1024K, 83 young (84992K), 4 survivors (4096K)
 Metaspace       used 157658K, committed 160256K, reserved 1245184K
  class space    used 20230K, committed 21568K, reserved 1048576K
}
Event: 19.045 GC heap after
{Heap after GC invocations=50 (full 0):
 garbage-first heap   total 336896K, used 212992K [0x0000000080000000, 0x0000000100000000)
  region size 1024K, 11 young (11264K), 11 survivors (11264K)
 Metaspace       used 157658K, committed 160256K, reserved 1245184K
  class space    used 20230K, committed 21568K, reserved 1048576K
}
Event: 19.930 GC heap before
{Heap before GC invocations=50 (full 0):
 garbage-first heap   total 336896K, used 309248K [0x0000000080000000, 0x0000000100000000)
  region size 1024K, 104 young (106496K), 11 survivors (11264K)
 Metaspace       used 158578K, committed 161152K, reserved 1245184K
  class space    used 20290K, committed 21632K, reserved 1048576K
}
Event: 19.939 GC heap after
{Heap after GC invocations=51 (full 0):
 garbage-first heap   total 336896K, used 222867K [0x0000000080000000, 0x0000000100000000)
  region size 1024K, 10 young (10240K), 10 survivors (10240K)
 Metaspace       used 158578K, committed 161152K, reserved 1245184K
  class space    used 20290K, committed 21632K, reserved 1048576K
}

